str:bruno jose maria  int:-10 -4 4  float:-0.00 3.00 9.00  p:(3.8,1.3) (-4.8,-4.2) 
str:ana bruno bruno maria  int:-3 6  float:-7.10 4.90 9.80  p:(-2.7,-0.2) (-2.5,3.5) 
str:carlos lucas maria  int:-8 -5 0  float:5.60 8.60  p:(0.9,-2.8) (0.6,4.3) 
str:bruno joao  int:-1 1 4 4  float:-9.50 -8.60 9.70  p:(-0.8,0.8) (-1.2,3.1) 
str:juliana paula  int:4 5  float:0.30  p:(-3.4,1.7) 
str:clara jose  int:-10 -6 -1  float:-9.10  p:(2.1,2.1) 
str:bruno joao lucas  int:-8 0 8  float:4.80 6.60  p:(-3.1,4.9) 
str:juliana rafaela  int:-9 -5 5  float:-5.50  p:(0.2,1.9) 
str:bruno henrique julia paula  int:-4 -3  float:-7.60  p:(0.5,1.8) (-3.2,4.6) 
str:bruno rafaela  int:-4 1  float:-9.70 -4.80 -2.80  p:(-2.0,-1.3) 
str:ana julia lucas  int:-8 -3 7  float:7.10  p:(2.0,1.4) 
str:henrique joao jose juliana  int:-10 3 9  float:-7.90 -6.10  p:(-3.1,2.2) 
str:jose juliana maria  int:-9 -8 -6 7  float:9.80  p:(1.1,2.1) (-4.4,0.2) 
str:carlos maria  int:-10 -9 -3 1  float:-9.60 -2.20 -1.40  p:(1.8,1.4) (-2.3,-1.3) 
str:carlos joao  int:-9 -4 7 8  float:-9.20  p:(-0.8,-3.0) (4.7,-2.3) 
str:julia juliana lucas paula  int:2 5  float:-7.10 -2.60 -0.40  p:(-4.5,-0.4) 
str:carlos lucas  int:4 7 8  float:-4.40 -2.10  p:(-4.6,1.0) 
str:ana clara joao jose  int:-6 -5 -2 4  float:-6.00 -3.30 6.90  p:(-2.9,4.0) (-4.8,-3.1) 
str:clara paula  int:1 2 2  float:-3.90 8.60  p:(-0.4,1.1) (-2.3,3.5) 
str:carlos julia paula  int:-8 7 8  float:-3.10 1.60  p:(1.2,4.2) 
str:bruno henrique joao rafaela  int:-3 6  float:-5.60 7.10  p:(2.2,-2.8) (-2.0,-4.1) 
str:henrique lucas  int:0 0  float:-2.90  p:(3.7,-0.3) 
str:joao julia lucas  int:-4 3  float:5.20  p:(-1.5,0.5) (3.2,-3.2) 
str:henrique jose  int:0 8 10  float:-9.20 -0.20  p:(4.0,4.9) 
str:bruno carlos juliana juliana  int:-10 3 5 9  float:8.20  p:(-0.1,-3.5) (-2.0,-3.3) 
str:bruno carlos henrique jose  int:1 9 10  float:-8.50 -7.20 2.00  p:(-4.6,-4.0) 
str:bruno clara jose lucas  int:-7 -7 -5 0  float:-5.90  p:(0.7,2.8) 
str:bruno lucas rafaela rafaela  int:-7 5  float:-9.00 7.20  p:(1.5,-4.8) 
str:maria paula  int:-3 -2 2 4  float:-0.30 1.30 3.30  p:(-4.1,-1.5) 
str:clara julia rafaela  int:-7 -5 0 0  float:-6.40 -4.00 -1.60  p:(1.9,1.3) 
str:clara jose paula  int:-2 3  float:-1.50 2.70 3.40  p:(2.4,3.8) (-2.8,-3.8) 
str:clara jose rafaela  int:-8 2  float:-9.10 -0.10 7.40  p:(-0.8,1.3) 
str:henrique jose maria  int:-7 6 10  float:-2.40 7.20 8.00  p:(-2.3,1.0) (3.3,-5.0) 
str:bruno clara  int:-10 -9 8 10  float:-0.60 -0.30 5.50  p:(0.3,2.6) 
str:jose juliana  int:-8 -6 -2 10  float:-4.10 -3.40 8.10  p:(-0.2,-0.0) 
str:jose julia lucas  int:-10 -6 2 2  float:-8.60  p:(-1.6,-4.9) (-4.5,-3.5) 
str:clara jose lucas paula  int:0 5  float:-9.20  p:(3.4,-0.3) (-4.5,2.1) 
str:ana juliana  int:-9 -6  float:-9.90  p:(-3.9,-2.1) 
str:ana julia juliana juliana  int:-10 -5 10  float:-0.50 6.10  p:(0.1,-0.9) (-2.1,-0.4) 
str:ana joao  int:-4 -2 10  float:0.80 5.70 6.40  p:(-0.5,0.9) (-1.6,0.7) 
str:julia lucas  int:-10 2 5 10  float:-5.30 1.00  p:(-1.5,-2.4) (2.4,-3.0) 
str:clara julia julia juliana  int:-10 4 9  float:4.50  p:(4.4,-1.8) 
str:ana carlos clara lucas  int:-9 -4 -1 6  float:-7.30 0.80 5.50  p:(3.7,-1.5) (4.1,-2.6) 
str:ana carlos henrique joao  int:-1 8  float:-4.70 1.00  p:(1.9,-1.7) (3.5,1.9) 
str:ana bruno jose maria  int:-10 10  float:7.00  p:(3.9,-3.1) 
str:carlos lucas  int:-8 7 10  float:-1.60 2.20  p:(-2.6,-0.9) (-3.8,-2.6) 
str:carlos carlos paula  int:-3 8 9  float:-0.10 1.30 5.90  p:(-0.0,-1.0) (4.5,1.0) 
str:bruno clara henrique maria  int:-1 9  float:-8.90 1.20  p:(-1.0,-1.4) (4.3,-4.4) 
str:ana bruno julia maria  int:-7 -5  float:-9.10  p:(0.9,-0.4) 
str:bruno bruno lucas lucas  int:-9 -7 -4 -3  float:-9.10 0.90  p:(2.0,-1.3) 
str:clara clara lucas  int:-8 0 3 9  float:-6.60  p:(-0.6,-0.1) 
str:carlos jose jose jose  int:-7 -5 4  float:-5.40 -1.50  p:(3.4,-4.7) (3.6,4.7) 
str:henrique maria  int:-2 -1 10  float:1.20 7.20  p:(-3.7,0.5) (4.5,1.7) 
str:henrique lucas  int:-6 -6 6  float:4.90  p:(0.1,2.3) 
str:paula rafaela  int:-3 -2 3  float:-4.60  p:(1.2,3.7) (-3.9,2.8) 
str:juliana paula rafaela  int:-8 -6 -4 7  float:-8.50 -5.30  p:(-2.2,-0.3) 
str:carlos maria paula rafaela  int:2 5 6 9  float:3.70  p:(-1.6,1.6) (4.0,-4.4) 
str:ana joao joao jose  int:2 6  float:6.20 7.40 7.50  p:(1.2,2.8) 
str:bruno henrique juliana paula  int:-5 0 1 10  float:-5.40 0.10 0.80  p:(3.5,2.2) 
str:juliana rafaela rafaela  int:-9 -6 3 9  float:6.50  p:(-3.3,1.8) (3.5,-3.1) 
str:henrique julia julia  int:-6 -1 10  float:-9.90  p:(3.4,1.1) 
str:clara paula paula rafaela  int:-7 10  float:-4.40  p:(1.3,3.1) 
str:clara jose  int:-8 1  float:3.50 3.60 9.00  p:(3.2,4.2) 
str:henrique joao julia paula  int:-8 9  float:-7.50 -2.90  p:(2.0,-2.3) (-2.2,-5.0) 
str:bruno carlos paula  int:-6 4  float:1.60  p:(-0.4,0.7) (3.2,-1.2) 
str:bruno jose julia  int:-6 -6 -2 3  float:-5.40 -4.30 0.40  p:(2.3,-1.6) 
str:bruno jose juliana  int:1 2 3 5  float:-7.10 -1.20 4.80  p:(-2.6,2.1) (-3.6,-1.8) 
str:henrique julia julia  int:-9 -3 9  float:4.90 7.20  p:(-4.7,-0.8) 
str:clara clara julia juliana  int:-7 1 3 8  float:-9.60 -3.60 8.40  p:(-1.9,-0.3) (2.9,-1.8) 
str:carlos lucas rafaela  int:-3 4 5  float:5.30  p:(-1.2,4.1) 
str:ana carlos henrique rafaela  int:1 5  float:-5.70 1.60  p:(5.0,-0.3) (-4.6,-3.3) 
str:joao jose rafaela  int:-5 1  float:-1.90  p:(1.2,-2.0) (-2.4,-4.7) 
str:carlos lucas  int:-10 -8 -2 6  float:-0.50 1.30  p:(-1.5,1.9) 
str:bruno bruno  int:-10 -9 -4 2  float:9.00  p:(1.1,5.0) (-3.7,-3.9) 
str:clara maria paula  int:2 3  float:-4.00 2.10  p:(2.9,4.4) (3.9,-4.1) 
str:carlos jose lucas maria  int:-2 -1 2  float:4.60  p:(2.9,2.9) (3.8,-3.4) 
str:bruno maria  int:-10 -4 3 5  float:-6.90 -2.00 0.60  p:(-2.3,-2.8) (-2.5,-4.6) 
str:ana bruno joao rafaela  int:-9 -5  float:-2.90 5.80  p:(-0.3,-2.6) (3.4,-2.9) 
str:joao joao julia  int:3 5 10  float:6.80  p:(-3.1,-1.7) 
str:lucas paula  int:-4 2 6 10  float:-8.60 4.80 8.20  p:(-3.4,-4.4) 
str:bruno paula rafaela  int:-8 1 2 2  float:4.10 4.10  p:(2.0,-2.0) (2.2,2.8) 
str:carlos clara jose rafaela  int:-5 6  float:-5.10 -2.60 5.60  p:(2.7,3.3) 
str:ana bruno henrique joao  int:-9 1 3  float:-2.60 0.20 5.30  p:(-3.4,2.4) (-4.5,-1.0) 
str:ana paula  int:-1 6  float:-8.60 -8.30  p:(-3.6,3.8) 
str:bruno bruno paula  int:-5 7 9  float:-5.10 -3.40 3.10  p:(-0.8,-4.5) 
str:bruno clara lucas maria  int:-8 -1  float:-9.10  p:(-0.3,-2.3) 
str:carlos jose  int:-10 -4 -4  float:-3.60 3.00  p:(-4.2,0.1) 
str:henrique julia  int:-4 7  float:-0.70  p:(2.0,-2.0) 
str:clara jose paula  int:-4 0 2  float:-8.40 1.30  p:(3.6,4.2) 
str:jose rafaela  int:-8 -8 2  float:-8.00 8.10  p:(-3.6,-4.3) 
str:henrique henrique julia  int:-7 4  float:-7.90 2.60 3.90  p:(1.7,2.8) (3.7,-3.8) 
str:ana carlos carlos juliana  int:-7 -2 9  float:1.10 2.20  p:(1.9,-4.0) (4.0,2.8) 
str:jose jose  int:-7 -6 7  float:0.90  p:(3.5,0.7) (0.2,-3.7) 
str:ana bruno carlos juliana  int:-8 0 2 4  float:-0.80 0.10 6.50  p:(-3.8,-2.8) (4.9,-0.7) 
str:jose paula  int:-10 -5 2 5  float:-8.20 -4.60 6.20  p:(3.9,1.0) (1.9,4.9) 
str:ana bruno julia maria  int:3 3 8 9  float:-0.20 1.00 4.00  p:(-1.0,3.4) 
str:bruno bruno henrique joao  int:-9 -3  float:0.30  p:(-1.0,-1.1) 
str:bruno lucas  int:0 7  float:-9.80  p:(-2.6,2.1) 
str:ana clara  int:-6 8 9  float:-6.40  p:(0.9,-2.7) (-3.6,0.3) 
str:ana carlos clara rafaela  int:-4 -3 -3  float:-7.30 1.00 4.20  p:(0.3,2.9) 
str:julia juliana paula  int:2 2 8  float:-8.90 -6.60 1.00  p:(-0.4,-3.2) 
str:clara clara juliana juliana  int:-3 -2 8 8  float:-7.40 -0.40 5.30  p:(0.1,0.8) (4.3,-3.6) 
str:henrique jose paula paula  int:-9 6  float:0.40 5.80 7.80  p:(2.3,-2.7) 
str:carlos rafaela  int:-10 4 10  float:-5.60 9.50  p:(-2.2,1.8) (-3.1,0.2) 
str:henrique henrique joao jose  int:-8 0  float:7.40  p:(1.1,-4.9) 
str:henrique joao lucas  int:-7 -6  float:2.30  p:(-0.1,2.8) (-2.3,-4.4) 
str:carlos henrique joao  int:-8 0 10  float:-7.60 -0.60 9.00  p:(0.0,3.7) (4.9,0.8) 
str:ana bruno carlos clara  int:2 7  float:-0.10 0.10 5.50  p:(4.1,-1.2) (-1.8,4.0) 
str:joao rafaela  int:-10 -7 1 9  float:-1.90 -1.40 1.80  p:(4.2,-2.2) 
str:bruno julia maria paula  int:2 7  float:3.50 7.50  p:(3.4,2.4) (2.0,4.2) 
str:carlos jose julia rafaela  int:-8 -6 1 7  float:-3.10 1.50 4.30  p:(0.0,-1.7) (-0.2,4.7) 
str:lucas maria  int:2 7 9  float:-9.40 -3.70 1.10  p:(-1.9,0.8) (0.6,-3.4) 
str:carlos henrique joao jose  int:-4 -4 0 9  float:3.30  p:(-4.3,2.4) 
str:jose jose paula rafaela  int:1 6  float:-7.10 7.60  p:(3.6,1.5) (4.1,3.8) 
str:jose juliana paula  int:-9 -8 4 5  float:-9.50 -7.20 8.00  p:(-2.7,-0.2) (-3.5,4.7) 
str:bruno jose paula  int:2 4 10  float:-8.30 -1.90 2.70  p:(0.6,1.7) 
str:ana carlos henrique jose  int:-10 -3  float:-10.00 -1.20  p:(-3.3,1.7) 
str:clara joao julia juliana  int:-10 4 7 10  float:3.20 7.20 9.80  p:(1.6,-3.1) (-4.4,4.4) 
str:julia paula  int:-9 -7 5 7  float:-2.90 6.30 8.10  p:(2.6,-1.2) (-3.5,4.4) 
str:paula rafaela  int:0 10  float:-5.90 -5.60  p:(-3.3,3.2) 
str:joao joao jose julia  int:3 5  float:-8.90  p:(-3.6,4.2) 
str:carlos julia rafaela  int:6 10  float:-8.30 10.00  p:(-1.0,-0.9) (-0.4,1.7) 
str:clara julia maria  int:-10 -8 5 7  float:0.90 4.70  p:(-1.4,-2.0) 
str:joao joao paula  int:-3 2 5  float:-6.50 6.80  p:(3.3,-2.6) (-2.6,3.8) 
str:carlos jose maria paula  int:-10 -4 8 9  float:-5.20  p:(1.6,4.4) 
str:clara clara julia paula  int:-10 4  float:-1.50 3.70  p:(-0.1,-3.2) 
str:ana rafaela  int:-4 2 5 5  float:9.50  p:(2.4,-4.1) 
str:lucas paula  int:3 5  float:-1.70 0.80 2.10  p:(2.2,-4.4) (4.0,4.9) 
str:bruno juliana maria  int:-6 4 4 8  float:0.00 1.90  p:(0.0,3.4) (-3.1,-4.1) 
str:clara julia maria  int:-9 -1 6  float:-8.70  p:(0.2,-2.8) (1.9,4.6) 
str:ana clara  int:-9 9 9  float:-6.80 3.20 9.70  p:(-2.4,1.9) (3.6,-2.1) 
str:clara julia lucas  int:6 8  float:-0.30 6.40  p:(-4.1,-0.5) 
str:bruno clara lucas maria  int:3 4 9  float:-2.50 1.10 8.90  p:(-0.9,-1.2) (2.5,-0.1) 
str:joao jose  int:-1 3 6  float:-7.60 -0.20 5.10  p:(1.7,-0.1) (-2.3,-4.5) 
str:paula paula  int:-10 -3 5 9  float:0.40 9.70  p:(-3.7,3.5) 
str:joao julia julia rafaela  int:-8 -6 0  float:-6.10 -2.80 9.60  p:(-3.8,0.8) 
str:ana carlos carlos rafaela  int:-5 -1  float:-4.30 -0.70 -0.30  p:(0.7,-4.8) 
str:joao jose  int:2 7  float:-5.30 2.00  p:(-4.8,2.0) (-4.5,-3.2) 
str:carlos clara julia  int:5 10  float:2.20 6.70  p:(-1.0,-1.2) (-2.8,-4.3) 
str:ana henrique joao  int:-5 -1 -1 0  float:-7.60 6.90  p:(-0.1,1.6) (-1.0,1.5) 
str:carlos clara  int:-4 7  float:2.70  p:(2.3,0.3) 
str:bruno bruno bruno henrique  int:-5 0 0 7  float:-9.00  p:(-1.6,4.9) 
str:bruno julia rafaela  int:-4 -3 8  float:5.00 8.10  p:(-3.5,-2.0) 
str:bruno carlos juliana rafaela  int:-10 -10 -7 7  float:5.10  p:(-3.7,4.9) 
str:lucas lucas  int:-8 3  float:1.00 5.20  p:(0.5,3.4) 
str:jose maria  int:-7 -3  float:-5.70 0.90 8.80  p:(0.4,0.8) (-0.2,-2.5) 
str:carlos carlos rafaela  int:-5 3  float:6.00  p:(-3.4,-4.5) 
str:ana henrique  int:-9 -3 1  float:5.60  p:(-2.3,-0.2) (3.5,4.5) 
str:clara jose julia rafaela  int:-6 6  float:7.90 8.20  p:(-1.0,-0.7) (-0.5,-1.7) 
str:ana bruno joao juliana  int:-6 1 4  float:-5.10 -1.90  p:(-2.8,-0.1) (-4.4,4.4) 
str:bruno henrique jose  int:-8 0 3 4  float:-9.70 -0.80 1.20  p:(-4.1,0.1) 
str:henrique joao jose  int:-10 -10 -8 2  float:-3.60 0.30  p:(-1.7,-0.7) 
str:clara henrique joao jose  int:-9 -8 -3 10  float:-3.70 5.80  p:(-4.5,0.1) 
str:clara lucas  int:-6 -2 8  float:-1.10 6.30  p:(0.6,3.7) (-2.7,4.7) 
str:ana jose  int:6 8  float:8.20  p:(-3.5,2.5) 
str:carlos rafaela  int:-5 0 1 4  float:-4.70 6.00  p:(-4.9,-3.7) 
str:julia juliana paula  int:-9 -1 1 3  float:-8.00 -4.30  p:(3.4,-4.6) 
str:jose juliana paula  int:-8 -7 -4 10  float:-4.60  p:(-0.9,1.7) 
str:clara henrique lucas rafaela  int:-10 0 2 10  float:-5.50 -2.60 8.50  p:(0.4,-0.4) (-0.9,-1.2) 
str:maria paula  int:-4 -2 2  float:-0.40  p:(-1.9,3.5) 
str:carlos henrique joao  int:-2 5  float:1.20  p:(3.3,-4.3) 
str:carlos henrique joao lucas  int:-8 -1 8 9  float:-3.60 -2.10 9.20  p:(1.5,3.3) 
str:bruno maria paula paula  int:-8 -7 -1 10  float:-9.90 -4.10  p:(-1.7,2.9) (-0.8,-3.6) 
str:clara lucas  int:-3 -3  float:6.60 7.60  p:(-1.7,3.2) (-3.5,-2.4) 
str:henrique julia juliana lucas  int:-9 -3 8 8  float:-0.20 2.20 8.70  p:(2.6,-2.3) (-4.5,-1.7) 
str:bruno joao julia  int:-3 -3 -1 6  float:-9.50 8.90 8.90  p:(4.0,3.0) 
str:juliana juliana  int:-2 4  float:-9.30 -7.40 5.90  p:(-0.4,-1.2) (4.0,1.7) 
str:henrique jose rafaela  int:-4 -3 -2 -1  float:5.70  p:(-4.2,-2.7) (3.8,4.8) 
str:jose paula  int:-4 6 7 7  float:-2.90  p:(-3.6,0.2) (2.3,-4.9) 
str:paula rafaela  int:-2 -1 5  float:2.50  p:(-3.8,0.1) 
str:ana henrique joao lucas  int:-5 3  float:-5.80  p:(-0.5,1.2) (2.2,3.7) 
str:ana henrique joao  int:-6 1  float:-8.50 0.20  p:(4.9,0.8) 
str:ana joao rafaela  int:1 10  float:1.30 7.30  p:(0.5,1.2) (-3.1,-0.9) 
str:joao julia julia maria  int:-8 -5 -2 10  float:-9.80 -0.00 0.60  p:(-2.0,1.9) (3.5,3.3) 
str:carlos henrique  int:-1 6 7  float:3.60  p:(4.8,-3.3) 
str:carlos maria  int:-6 -1 5  float:8.60  p:(-0.8,-1.6) (-1.8,-0.2) 
str:jose juliana maria rafaela  int:-1 1 8  float:-9.90 -6.50  p:(-2.1,1.2) 
str:joao paula  int:5 5 6  float:0.00 8.70  p:(0.5,-4.7) (-4.6,1.7) 
str:ana jose  int:-2 0 2  float:-8.40 -8.20  p:(-3.0,-0.2) (-4.9,4.5) 
str:bruno bruno carlos  int:-9 -5 -1 7  float:-2.80 8.40  p:(3.9,1.3) (3.3,-3.0) 
str:henrique lucas lucas maria  int:-2 3 9  float:9.50  p:(-2.3,-2.1) (1.1,3.5) 
str:henrique henrique joao paula  int:-6 -5 -3 -1  float:5.40 6.80  p:(2.3,1.3) 
str:ana julia rafaela  int:-9 3 4 10  float:-8.70 -3.00 2.00  p:(-3.7,-0.8) (3.9,2.8) 
str:clara rafaela  int:1 10  float:-0.60  p:(-3.3,-1.1) 
str:carlos jose lucas rafaela  int:-4 0 5  float:0.60 3.60  p:(-2.2,-1.7) (3.6,2.9) 
str:henrique jose julia paula  int:-6 -2 1 4  float:-4.20 -4.20  p:(-0.1,-0.3) 
str:clara lucas  int:-10 -9 -7 -6  float:-2.70  p:(-2.9,-2.9) 
str:henrique joao jose juliana  int:6 7 7  float:-0.10 1.00 6.90  p:(0.5,1.2) (3.1,-3.7) 
str:ana bruno rafaela  int:3 6 6 7  float:0.60 2.30 3.60  p:(-1.1,-1.7) 
str:jose jose  int:-9 5 6  float:6.10  p:(-4.9,4.6) 
str:carlos henrique juliana maria  int:-10 -9 -9  float:-1.20  p:(3.4,2.3) 
str:juliana paula paula rafaela  int:-6 -3 5  float:-3.70  p:(2.0,0.9) 
str:joao jose rafaela rafaela  int:-10 4 8  float:-6.80 -0.80  p:(-1.7,0.2) 
str:clara henrique jose  int:-2 2 8 9  float:2.80  p:(0.7,-3.5) (-3.7,-3.9) 
str:joao juliana  int:-3 0  float:-9.50 1.00 4.20  p:(-3.5,2.5) (-4.6,-0.7) 
str:bruno joao  int:-6 -2 0  float:4.30  p:(-3.0,-3.4) (-4.8,-0.0) 
str:ana clara lucas lucas  int:-4 -1 5  float:-5.90 7.10  p:(2.6,-1.9) (3.8,-4.1) 
str:ana carlos jose  int:-5 0 9  float:-6.10  p:(2.1,-0.8) 
str:ana clara jose lucas  int:5 6 10  float:2.80  p:(3.0,4.3) (-5.0,3.1) 
str:ana julia rafaela  int:3 6  float:-9.10 3.30 5.80  p:(0.7,3.3) (-4.8,3.3) 
str:ana clara  int:0 6 7 9  float:-0.50 4.20  p:(-1.5,-0.7) (1.9,-2.6) 
str:bruno bruno joao paula  int:-7 -7 -2  float:-5.00 -1.00  p:(-3.2,-1.7) (-3.6,1.5) 
str:clara henrique maria  int:-8 -8 -4 -1  float:-6.70  p:(0.1,-0.8) (4.6,2.8) 
str:clara juliana lucas maria  int:-10 -1 3 10  float:4.10 5.50  p:(-0.1,-2.9) (-1.1,2.9) 
str:henrique paula  int:-5 -4  float:-5.80  p:(1.0,4.7) 
str:henrique joao  int:1 3 4  float:-2.20 -2.10 4.40  p:(-3.0,-1.4) (-4.2,3.0) 
str:carlos rafaela rafaela  int:-2 -1 4 6  float:-5.30 -0.30 3.20  p:(-4.9,-2.4) 
str:clara henrique henrique joao  int:-7 3 5  float:-8.20 -6.80 0.60  p:(-2.0,1.5) 
str:henrique maria  int:-3 2 10  float:-0.40 2.70 7.00  p:(-4.8,-1.0) 
str:jose lucas rafaela  int:-8 0 3 9  float:-9.30 1.40 3.50  p:(2.6,3.6) 
str:ana rafaela  int:-10 -5  float:-8.10 -7.40 -3.20  p:(-2.4,4.8) (-3.5,4.3) 
str:joao jose  int:-8 -3 6 10  float:-8.30 -4.60 7.00  p:(1.1,-2.3) (-2.4,-4.9) 
str:joao joao lucas  int:6 7 10  float:-6.40 1.10  p:(-2.0,2.5) 
str:ana rafaela rafaela  int:-1 6 7  float:-4.30 6.20 7.00  p:(-2.5,-2.3) (4.2,-2.1) 
str:ana juliana  int:-8 3 10  float:-5.20 -0.70 3.50  p:(-4.1,2.2) 
str:ana joao julia  int:-3 0 9  float:-4.50 2.50  p:(-0.1,4.1) (-2.8,3.8) 
str:joao julia lucas rafaela  int:-1 4 9  float:-7.10 4.80  p:(-0.8,-3.3) (2.1,-4.3) 
str:julia juliana lucas maria  int:-5 4  float:-2.40 7.50  p:(0.4,-4.3) (-4.8,4.1) 
str:ana bruno paula  int:-2 10  float:-5.70 6.60  p:(4.5,-1.0) 
str:bruno rafaela  int:-5 5  float:-5.60 5.10  p:(1.0,4.4) (-4.7,-3.1) 
str:carlos henrique julia  int:-6 4 6  float:-7.80 -2.20 4.40  p:(-0.4,-0.7) (-4.8,-2.7) 
str:ana henrique juliana  int:-4 0 4 10  float:0.60  p:(-4.8,-4.6) 
str:bruno clara julia  int:-7 -5 -3 2  float:4.90 4.90 7.80  p:(3.3,2.2) (-1.2,-4.7) 
str:ana bruno  int:-9 -6 -2 8  float:-5.30 0.00 0.80  p:(-3.2,-0.5) (-4.0,-0.9) 
str:bruno clara henrique  int:-6 -5 2 6  float:-7.30 0.60 6.70  p:(-0.3,-3.2) (3.9,-0.2) 
str:clara lucas  int:-1 1 5  float:-7.50 -3.20 0.60  p:(3.1,3.8) 
str:carlos henrique jose julia  int:-10 -4 0 5  float:7.30 7.50  p:(3.5,3.4) 
str:ana clara julia  int:-10 -4 0  float:-1.70 5.50  p:(-0.4,4.4) 
str:bruno henrique juliana  int:-10 -7 4 8  float:-6.40 -4.30 9.80  p:(2.9,3.1) (-4.5,-2.3) 
str:ana bruno julia paula  int:-10 -6  float:-8.20  p:(0.1,0.6) (2.1,-1.3) 
str:henrique jose lucas rafaela  int:0 4  float:6.30  p:(3.4,1.9) (4.0,-4.6) 
str:clara julia maria paula  int:-3 4  float:-9.60 -8.30 -7.70  p:(-4.0,2.3) (2.2,-4.9) 
str:clara julia maria  int:4 8  float:-4.40 3.90  p:(3.8,-2.0) 
str:carlos rafaela  int:1 1 1 2  float:-9.50 -4.10 9.30  p:(-0.5,2.6) 
str:jose juliana  int:3 4 6 6  float:0.40  p:(3.0,-0.9) (3.1,-3.9) 
str:bruno joao juliana paula  int:-3 4 5 8  float:-7.20  p:(-3.5,-3.0) 
str:bruno rafaela  int:-10 -3 6 8  float:1.50 6.10  p:(-0.7,2.0) 
str:bruno maria maria  int:9 10  float:-5.50 -2.30 2.70  p:(3.1,0.9) 
str:carlos clara rafaela  int:-9 -3 6 10  float:-2.80 4.60 7.50  p:(-1.9,-2.9) (1.0,4.1) 
str:bruno jose julia  int:-3 7  float:-7.70 8.10 9.80  p:(4.9,3.3) 
str:carlos henrique juliana maria  int:-2 8  float:-4.60 -0.20 6.20  p:(-1.1,-2.3) 
str:ana carlos  int:1 3 9  float:8.60  p:(0.6,1.7) (4.9,1.9) 
str:henrique lucas maria rafaela  int:-6 3  float:0.50  p:(2.3,-3.4) (-4.2,-1.7) 
str:ana carlos juliana  int:2 9 9  float:3.10 5.00 8.40  p:(-3.8,-3.1) 
str:ana jose  int:8 10  float:-9.20 0.80  p:(2.0,-0.0) 
str:carlos julia maria  int:-10 9  float:1.10  p:(4.6,-1.1) 
str:carlos clara maria rafaela  int:3 6  float:-1.50 -1.40  p:(-3.7,-3.3) 
str:henrique jose rafaela  int:-1 5 6 8  float:-7.50 2.10 4.60  p:(4.8,2.8) 
str:juliana juliana  int:-8 1 5  float:-3.70 9.90  p:(4.2,2.8) 
str:carlos juliana rafaela  int:1 5  float:-8.20 -5.70 10.00  p:(-4.3,-3.1) 
str:carlos julia maria  int:-9 -8 -1 3  float:3.40  p:(-2.8,-1.3) (-3.7,-1.5) 
str:carlos clara juliana lucas  int:-5 3 5  float:-3.30  p:(-3.3,-2.2) 
str:bruno carlos clara maria  int:6 10  float:-5.40 -3.70 -3.00  p:(-0.2,1.5) 
str:bruno jose julia  int:-3 -2 1 2  float:-9.80 -4.50 8.30  p:(-3.8,-0.5) (1.8,-4.9) 
str:bruno lucas  int:-6 -2 2  float:-0.20  p:(2.4,0.1) (4.7,0.8) 
str:ana clara clara paula  int:-9 -8 4 8  float:0.30 9.30  p:(1.8,2.4) (0.9,-4.9) 
str:carlos juliana  int:1 2  float:-4.10  p:(0.4,-3.4) (3.8,-0.4) 
str:carlos henrique juliana  int:1 5  float:-7.90 -0.20  p:(-0.5,-2.8) (4.8,4.1) 
str:bruno jose  int:-3 0  float:-7.70 2.60  p:(1.0,-0.3) 
str:henrique paula  int:-10 -9 -8 0  float:-7.30  p:(-1.6,0.2) (3.1,-3.9) 
str:ana ana joao lucas  int:-10 -7 -4 6  float:-8.30 6.00  p:(1.5,1.5) (3.3,3.7) 
str:bruno henrique joao rafaela  int:-9 -7 -2  float:-9.20 -4.00 -0.40  p:(2.2,-0.4) (-4.4,-2.5) 
str:lucas maria rafaela  int:-3 2 4 6  float:-7.90 -7.00 -3.40  p:(2.7,0.2) (-4.2,-4.8) 
str:carlos henrique jose julia  int:-8 0  float:-3.90 3.10  p:(2.5,4.7) 
str:ana jose  int:-8 0 9  float:2.30 7.70 9.80  p:(-1.4,-1.1) (-4.9,0.3) 
str:jose jose maria  int:-4 -2 -2 2  float:-3.70 0.80  p:(-1.9,-5.0) (-4.9,-2.2) 
str:ana clara joao  int:-10 0  float:-7.00 4.70  p:(2.6,4.0) (-5.0,3.3) 
str:joao juliana lucas  int:-10 -1 2  float:-5.10 6.60  p:(0.3,-2.5) (0.3,-4.4) 
str:ana henrique henrique joao  int:-10 -7 5  float:-9.60 5.20  p:(-0.1,-0.8) 
str:bruno julia maria paula  int:-6 -4 -1 6  float:-3.70 1.80 5.70  p:(1.9,-0.1) (1.1,-1.8) 
str:ana joao rafaela  int:-4 8  float:-0.70 0.70 4.20  p:(-4.4,-0.8) 
str:henrique jose  int:-1 9  float:-9.30  p:(-0.4,3.1) 
str:ana juliana juliana maria  int:7 8  float:-1.90 -1.70  p:(-0.7,-1.2) (-3.8,-0.4) 
str:bruno julia juliana lucas  int:-7 -1 8  float:8.40  p:(-4.6,-4.8) 
str:bruno jose maria maria  int:-10 -7 -6 -3  float:-2.40 0.90 6.20  p:(-0.6,2.6) (0.2,4.0) 
str:carlos carlos lucas  int:-4 1 10  float:5.30 5.80 8.20  p:(-1.1,1.0) 
str:ana carlos maria rafaela  int:-8 -6 -6 9  float:-6.10  p:(2.2,4.4) (-4.7,2.8) 
str:joao lucas  int:-8 -6 -5 9  float:-3.00 -0.80  p:(-1.2,-1.6) (3.8,3.9) 
str:bruno jose jose lucas  int:-4 0 5 10  float:-9.70 -8.40 -4.70  p:(-2.5,1.9) (1.3,3.8) 
str:henrique joao joao paula  int:-6 -5 1 5  float:4.00  p:(0.6,-4.1) 
str:clara lucas  int:1 2 8 10  float:-4.30  p:(3.7,-2.2) 
str:bruno juliana juliana maria  int:-9 -3 1 10  float:-3.70 -2.00 7.60  p:(-2.4,2.6) (-3.5,-3.6) 
str:henrique jose maria rafaela  int:-10 -5 0 5  float:8.20 9.50  p:(-1.9,-3.1) (-3.6,1.6) 
str:carlos rafaela  int:-9 -8 -1 5  float:10.00  p:(-0.1,-1.8) (-0.2,3.1) 
str:ana carlos juliana rafaela  int:-9 0 3  float:-4.90 4.00  p:(4.8,1.9) 
str:carlos jose  int:-10 -7 6  float:-7.80 2.30 5.00  p:(-2.4,2.5) 
str:clara juliana juliana paula  int:6 8  float:-6.80 3.00 7.90  p:(2.9,-4.7) 
str:bruno bruno carlos lucas  int:-9 -6 3  float:-9.70 -7.30 -2.30  p:(-4.7,4.2) 
str:henrique jose paula  int:-4 3 8  float:-4.80 -4.80  p:(0.1,0.2) (-4.7,-0.6) 
str:clara jose julia  int:-4 -3 6 7  float:-0.40 0.70 4.80  p:(-0.4,-1.2) 
str:carlos juliana lucas maria  int:-7 -1 10 10  float:-8.40 -8.10 -2.10  p:(-2.4,-2.0) (3.4,-2.3) 
str:bruno henrique joao lucas  int:-10 -7 2 8  float:-6.70 -2.80  p:(1.8,2.0) (0.7,4.5) 
str:jose jose lucas paula  int:-5 -1 1 9  float:-8.90 -4.90  p:(2.4,-1.5) (-2.4,-3.5) 
str:henrique paula paula  int:-1 -1 5 7  float:-7.00  p:(-2.8,2.4) (-4.8,0.3) 
str:julia julia  int:-4 2 4  float:-9.70 -8.60 4.40  p:(3.0,1.4) (4.4,-3.5) 
str:bruno clara joao juliana  int:-10 -2 10  float:1.00 8.00 9.90  p:(-4.5,0.3) 
str:ana bruno juliana rafaela  int:6 7  float:-4.00 2.20  p:(-0.1,3.7) (-3.8,1.1) 
str:joao jose jose lucas  int:6 7  float:4.10  p:(1.9,2.4) (-4.5,1.2) 
str:ana bruno  int:-7 0 4  float:0.10 3.40 9.00  p:(0.3,-3.1) (2.6,1.9) 
str:ana ana joao  int:-10 -6 -3  float:4.90  p:(-0.9,4.3) 
str:joao julia rafaela rafaela  int:-7 -4  float:-4.70 8.30  p:(-1.2,0.7) (4.8,-0.2) 
str:julia maria rafaela  int:-8 -4 8 10  float:1.90  p:(3.3,1.8) (-2.1,4.8) 
str:bruno clara henrique juliana  int:-10 -4  float:1.80  p:(-1.3,-2.1) 
str:ana bruno  int:2 5  float:-5.40  p:(-2.5,2.8) (4.0,4.3) 
str:henrique paula  int:-9 2 3 10  float:4.40  p:(-4.6,-3.6) 
str:bruno jose julia maria  int:-10 -9 -7  float:-9.90  p:(-0.3,-0.6) (3.5,-2.6) 
str:bruno clara juliana  int:-9 -7 -2 1  float:1.10  p:(2.6,3.7) (-2.3,4.7) 
str:julia lucas maria  int:-8 -8 -2  float:-3.40 -2.00 1.40  p:(-0.1,4.2) (-2.8,-4.8) 
str:carlos julia julia rafaela  int:0 3 4  float:-6.70 -6.40 -2.80  p:(-3.1,0.7) (3.2,2.6) 
str:ana ana paula  int:-8 -2 -2 1  float:-8.80 -4.80  p:(0.9,-0.6) 
str:carlos julia  int:-4 2 3 3  float:-4.70 -4.30 7.80  p:(1.4,3.2) 
str:paula rafaela  int:-1 8  float:-0.80 3.70  p:(-4.1,-2.1) 
str:carlos julia  int:-5 8  float:-7.70 0.80  p:(1.9,-1.2) (-4.2,3.7) 
str:ana ana juliana lucas  int:-10 -8 9  float:-9.90 -5.60 2.70  p:(-4.8,2.3) (4.6,-3.8) 
str:bruno carlos  int:-5 -4 1 10  float:1.70  p:(-1.8,2.5) (4.6,-2.0) 
str:ana joao  int:-8 -7 10  float:-9.70  p:(1.9,-2.3) (4.9,-2.0) 
str:clara julia lucas rafaela  int:-5 -3 6  float:-6.10 -1.10  p:(-0.6,4.5) 
str:bruno paula  int:-8 -4 1  float:-9.20 -2.40 3.40  p:(-0.9,-0.8) (2.3,2.1) 
str:ana henrique julia julia  int:-1 -1 5 9  float:-1.90 -0.70 0.00  p:(0.3,3.6) 
str:ana julia lucas rafaela  int:-7 -6 -5 6  float:2.60 7.00 7.00  p:(-2.2,1.3) 
str:carlos lucas  int:-7 -7 9  float:-9.20 0.80  p:(-1.9,-4.1) (-2.3,-4.5) 
str:juliana maria paula rafaela  int:6 8 9  float:-5.00  p:(-0.6,2.2) 
str:bruno bruno carlos rafaela  int:-6 1 3 10  float:-9.30 -4.80 -3.50  p:(-2.8,-1.0) 
str:maria rafaela  int:-9 0 4 10  float:-8.90 -2.10  p:(1.9,-3.1) 
str:bruno clara  int:-2 -2 1 10  float:2.70  p:(-0.4,3.1) (0.1,-4.1) 
str:ana ana  int:-8 1 9  float:6.80  p:(3.0,2.1) (3.6,-4.8) 
str:carlos carlos joao jose  int:-5 0 5 8  float:3.60 6.10  p:(3.5,-3.0) 
str:ana ana clara lucas  int:-1 0 9  float:-8.50 -3.50 6.70  p:(1.0,0.9) (-3.2,2.1) 
str:julia juliana rafaela  int:-6 3  float:-7.60 9.40  p:(4.1,2.0) (-4.6,-3.4) 
str:bruno jose rafaela  int:-3 -2  float:0.90  p:(-4.1,-4.6) 
str:clara maria  int:-2 7  float:-6.70 -0.60  p:(4.1,-1.8) 
str:ana juliana  int:-3 1 9  float:-2.60 9.20  p:(4.2,2.6) 
str:joao julia julia rafaela  int:-9 -5 -1 0  float:-6.80 -5.40 4.80  p:(-4.1,0.3) 
str:ana henrique  int:-6 -1 2 5  float:-6.40  p:(-1.0,-1.4) 
str:ana ana  int:-7 -1  float:-1.10 2.30  p:(-1.0,2.3) 
str:bruno clara joao  int:4 7  float:9.60  p:(-1.3,1.4) (4.1,-3.1) 
str:ana ana carlos henrique  int:-5 3 10  float:-3.40 2.80  p:(4.6,1.2) (-4.5,-2.8) 
str:carlos clara  int:-1 3 8  float:-7.40 -4.70 9.70  p:(-0.9,2.0) 
str:ana julia  int:-10 -2 8  float:-8.20 -4.60 -1.60  p:(1.7,0.7) (4.9,-2.0) 
str:ana joao lucas rafaela  int:-7 8 9  float:-7.60 -7.20 2.80  p:(0.7,-4.7) 
str:juliana maria  int:-2 -1 1 2  float:1.40  p:(4.6,0.9) 
str:carlos paula  int:-6 -4 5 9  float:8.40  p:(-0.1,-3.8) 
str:ana paula  int:-2 -1 2 7  float:3.30 8.90  p:(0.9,0.1) 
str:julia maria  int:-4 10  float:-8.00 -1.40 3.50  p:(0.5,0.6) (-0.0,2.4) 
str:bruno juliana  int:-10 -3 6  float:2.60 3.90  p:(0.6,-0.1) (-4.6,3.5) 
str:ana paula paula  int:-3 -2 2  float:-2.30 8.80  p:(-2.5,2.4) (-4.1,4.4) 
str:bruno henrique paula  int:-9 -8 2 3  float:-0.20 6.60 7.70  p:(3.9,-3.1) 
str:carlos henrique julia rafaela  int:-8 -8 3  float:-6.80  p:(-2.8,-2.7) (-3.4,3.1) 
str:carlos joao julia maria  int:-4 -2 5 8  float:-5.60  p:(3.0,2.9) 
str:bruno lucas  int:-10 -7 -3  float:-9.10 -1.10 -0.90  p:(4.4,2.9) 
str:ana bruno carlos julia  int:-10 -7 -5  float:6.10  p:(0.2,-2.8) (2.4,4.8) 
str:ana julia maria  int:-9 1 7  float:-2.80 1.90  p:(-5.0,-3.7) (-5.0,-4.4) 
str:carlos julia juliana paula  int:-4 -3  float:9.80  p:(4.4,-1.6) (-4.1,-3.2) 
str:clara lucas paula  int:-3 -2 4 7  float:-7.50 -3.60  p:(-3.5,-1.3) 
str:clara maria  int:-6 4 7  float:9.60  p:(-4.8,-4.2) 
str:paula paula paula  int:-2 5 10  float:-2.00 1.90  p:(-4.9,-3.2) 
str:carlos julia lucas paula  int:-7 -3 0 4  float:-8.60 -1.30  p:(-2.8,-0.4) (-0.1,-4.4) 
str:bruno juliana  int:-7 3 5 6  float:4.70  p:(-3.6,-0.4) 
str:ana lucas rafaela  int:3 6  float:2.40  p:(2.4,-4.7) 
str:bruno paula  int:-9 -7 -2  float:-5.20 -3.00 9.10  p:(-2.5,-4.0) 
str:joao lucas maria  int:-3 -3 -1 10  float:5.40 6.80  p:(-4.4,-3.1) 
str:bruno jose paula  int:4 6  float:-9.20  p:(0.3,-2.4) (5.0,1.7) 
str:joao joao  int:-6 2  float:2.40  p:(-4.8,-0.0) 
str:juliana maria  int:5 6 8  float:-1.00  p:(3.3,3.3) (-2.4,4.4) 
str:bruno juliana  int:-9 -3 -1 9  float:-3.80 -0.60 9.90  p:(0.8,-3.1) 
str:henrique henrique maria  int:-7 9  float:-5.80  p:(-1.0,-0.5) (-2.6,-0.8) 
str:ana ana henrique rafaela  int:1 4 8  float:-6.50 5.90  p:(-2.0,2.1) (4.0,0.4) 
str:juliana lucas  int:-5 6 8 10  float:-6.00 -2.10 8.40  p:(4.2,-1.5) 
str:ana clara joao maria  int:-6 9 10  float:1.20 7.90  p:(2.6,-4.5) (-2.9,5.0) 
str:jose rafaela  int:-9 -4 4 8  float:-3.40  p:(-4.0,-3.3) (-4.7,4.5) 
str:clara juliana maria  int:-5 -3 -3 6  float:-3.40 6.10  p:(-2.5,-4.4) 
str:joao julia julia rafaela  int:-8 -8  float:-8.30 -1.50  p:(-2.8,-1.8) 
str:bruno joao joao rafaela  int:-10 0  float:0.70  p:(4.2,-2.8) (-4.7,2.3) 
str:clara clara juliana paula  int:-7 0 1 9  float:-9.20 5.80 9.30  p:(2.2,-1.1) 
str:bruno carlos  int:-9 -3  float:-9.90 -9.40 -8.50  p:(-1.2,2.5) (-3.1,4.6) 
str:clara jose  int:-5 1  float:-6.30 -1.50  p:(-2.0,-1.0) (-0.8,-2.5) 
str:joao julia juliana maria  int:-3 5 10  float:-7.90 -6.50 2.20  p:(-4.1,0.5) (-4.9,-0.1) 
str:ana juliana rafaela  int:1 1 6 7  float:-9.10 -7.70 3.00  p:(3.0,4.7) 
str:ana rafaela rafaela  int:-1 6 8 10  float:-6.50  p:(0.3,-3.6) 
str:henrique julia  int:-5 4  float:-0.90 2.30 6.80  p:(0.2,-0.1) (-0.9,3.0) 
str:carlos joao juliana  int:-6 -5  float:-0.90 5.10  p:(-1.5,-4.0) (-3.1,4.8) 
str:bruno joao jose paula  int:-6 6 10  float:-1.70 0.80 9.00  p:(1.0,2.1) (1.3,2.8) 
str:henrique jose lucas  int:-6 -5 -3  float:-2.30 0.20 9.00  p:(1.9,3.9) 
str:clara henrique henrique rafaela  int:-10 2  float:-9.00 2.20 5.00  p:(0.1,-0.9) (-2.2,-2.4) 
str:henrique rafaela  int:-5 -3 0 0  float:-4.40 3.30 3.70  p:(-4.3,-3.2) 
str:ana julia  int:-6 -3 1  float:9.40  p:(-1.3,-3.2) 
str:julia julia maria  int:-3 1  float:-4.50 0.70 9.70  p:(-0.4,-4.2) (3.6,-4.5) 
str:carlos henrique  int:-10 -3  float:3.80 9.20  p:(-0.8,-2.6) 
str:carlos clara lucas  int:-4 0  float:-4.00 1.10 1.80  p:(-1.0,2.6) 
str:ana juliana maria rafaela  int:-6 0 4 8  float:-9.60 -7.30 -7.00  p:(-1.4,-2.9) (-0.1,-4.2) 
str:bruno henrique joao julia  int:-6 -2 4 9  float:-7.20 -2.80 0.30  p:(-2.5,-1.5) (-4.0,3.9) 
str:ana bruno lucas  int:-8 -3 1 7  float:-3.10 -1.00 4.90  p:(1.5,0.4) (-3.7,4.0) 
str:bruno julia rafaela  int:6 10  float:-4.80 5.20  p:(-1.6,-1.8) 
str:ana henrique julia julia  int:-7 3 3  float:-8.20  p:(3.0,-3.5) 
str:juliana maria paula  int:-5 -5 7  float:0.30  p:(4.2,-2.8) 
str:bruno clara maria  int:-10 -2 10  float:-2.40 3.50 7.80  p:(1.3,2.1) (1.6,-2.8) 
str:jose jose maria  int:0 4  float:-6.70 -2.30 2.80  p:(2.9,1.0) (4.2,-4.6) 
str:clara henrique julia paula  int:-6 4  float:7.00  p:(3.9,2.9) 
str:ana bruno carlos  int:-9 0 5  float:-7.00 -0.20 -0.10  p:(-3.6,-1.0) (4.7,0.5) 
str:bruno maria maria rafaela  int:6 8  float:-8.90 -6.20  p:(2.9,2.8) (-2.6,3.7) 
str:joao joao lucas rafaela  int:-9 5 7 8  float:-1.80 6.90  p:(2.4,-3.7) (1.7,4.1) 
str:carlos carlos rafaela  int:-6 -4 -3  float:-1.30  p:(-4.5,3.1) 
str:joao rafaela rafaela  int:-5 -4  float:7.20  p:(-0.5,-2.6) 
str:bruno clara henrique  int:-8 -5 -4  float:-9.90 -7.20 5.60  p:(3.8,-1.6) 
str:jose rafaela  int:-4 -2 10  float:-3.40 0.10  p:(0.6,3.5) 
str:ana maria  int:-2 1  float:-8.70 2.10  p:(1.0,-0.4) (-1.7,-1.5) 
str:henrique juliana  int:-8 -2 2  float:-5.20 7.30  p:(2.0,-3.3) (4.1,-1.0) 
str:carlos carlos jose juliana  int:2 5  float:0.30 5.40  p:(-1.8,1.3) 
str:carlos carlos henrique julia  int:-8 -3  float:-1.40 9.30  p:(-0.9,-4.8) 
str:bruno jose paula  int:-10 8  float:-5.70  p:(-1.3,-0.6) (1.2,-2.9) 
str:bruno bruno paula paula  int:-7 2 3 5  float:-0.00 6.20  p:(4.0,0.7) 
str:clara henrique joao lucas  int:-1 1 4 10  float:-7.10 -2.00 7.20  p:(-2.2,1.0) (-2.9,-2.8) 
str:ana carlos clara julia  int:-10 -5 -5 10  float:4.90 6.50  p:(3.3,0.5) (4.7,-3.5) 
str:carlos juliana juliana paula  int:0 2 7  float:-6.40  p:(-3.5,0.1) 
str:joao jose lucas lucas  int:-2 1 5  float:-7.30  p:(0.5,5.0) 
str:joao lucas  int:-4 -4 -3 -2  float:-7.20 9.50  p:(2.4,2.5) (4.6,-0.9) 
str:carlos lucas maria paula  int:-3 -2 7  float:5.50  p:(-2.5,2.0) (-3.7,3.7) 
str:bruno clara joao  int:-8 3 6 8  float:-7.10 -2.80 9.20  p:(3.1,4.4) 
str:ana henrique  int:-5 -4 6  float:1.10 6.70  p:(4.4,-0.9) 
str:bruno juliana paula  int:-10 -6 3 6  float:-8.00 3.20  p:(-1.8,-3.9) (4.7,2.6) 
str:clara lucas  int:-6 3 5 8  float:-4.40  p:(5.0,1.8) 
str:bruno carlos henrique julia  int:-9 -8 -2 -1  float:-0.80 6.00 6.10  p:(1.0,1.6) (-4.9,2.0) 
str:henrique juliana paula  int:3 5 9 10  float:-0.50  p:(-0.9,1.0) 
str:joao maria rafaela  int:2 10  float:-6.70  p:(0.8,-3.1) (4.6,1.9) 
str:ana joao juliana  int:-5 1  float:-0.70 3.00  p:(-1.8,-1.8) (-3.6,-1.1) 
str:julia maria rafaela rafaela  int:-9 -7 4  float:-5.30 7.20  p:(-0.6,-4.2) (-3.9,2.1) 
str:bruno clara julia juliana  int:-9 0 0  float:2.80  p:(-0.5,-1.2) 
str:clara henrique  int:-8 4  float:-3.20 0.30  p:(-4.7,-0.3) 
str:carlos joao juliana  int:-6 -1 -1 6  float:4.50 5.80 6.30  p:(-0.9,-0.8) (-4.8,-0.2) 
str:henrique jose maria rafaela  int:0 0 1  float:-7.00 -5.00  p:(1.7,-0.8) (-1.6,-1.3) 
str:ana joao rafaela  int:4 6 7 7  float:7.30  p:(3.3,2.0) (-3.2,-3.2) 
str:henrique joao julia rafaela  int:-5 5  float:-8.70 -4.10 2.90  p:(-0.5,0.7) (5.0,4.5) 
str:bruno lucas rafaela  int:-10 -9 -3 1  float:-6.80 1.10 9.20  p:(-4.3,3.0) (4.9,-1.9) 
str:joao juliana lucas maria  int:-8 -3 -1  float:-5.90 1.40 8.90  p:(-4.0,-1.7) 
str:henrique paula  int:-6 -5 3 9  float:-7.10 8.40  p:(-1.7,1.4) (2.4,-2.9) 
str:julia paula rafaela  int:-3 10  float:-7.90 -1.90 5.40  p:(-3.1,3.3) (-4.7,3.2) 
str:lucas maria  int:-10 -2 9  float:9.70  p:(2.4,-4.1) (3.4,4.3) 
str:bruno juliana paula  int:-10 -3 4 4  float:-7.60 -4.40 4.70  p:(2.0,-2.5) (4.0,3.7) 
str:henrique jose jose  int:-5 4  float:-5.40 6.40 8.10  p:(3.2,1.2) (1.9,-3.7) 
str:clara clara clara henrique  int:-10 -9 0  float:-2.30 -2.10 0.90  p:(1.2,1.7) 
str:joao julia julia  int:0 8  float:-7.40 -2.20  p:(-3.0,-2.3) 
str:julia lucas  int:-2 9  float:-8.30 -0.80  p:(1.8,-3.9) (4.9,3.7) 
str:clara jose  int:-9 4 4  float:-9.60 -2.80  p:(-1.9,-3.1) (-2.8,2.9) 
str:clara clara lucas rafaela  int:-1 5 10 10  float:7.60  p:(4.2,1.8) 
str:clara henrique joao lucas  int:-9 -8  float:-5.50  p:(2.6,5.0) (4.8,3.4) 
str:carlos maria  int:-5 5 6  float:-3.00 3.10 4.20  p:(-2.9,-2.0) (-4.1,-4.6) 
str:clara lucas  int:-10 -4 3 6  float:0.80 2.90 6.40  p:(-1.6,1.9) 
str:ana ana clara  int:-7 -3 -2  float:-0.00 3.10 6.10  p:(-0.0,-0.3) (2.7,-1.3) 
str:clara clara jose rafaela  int:-10 -2 -1 9  float:-5.10 -1.20 5.90  p:(2.0,-2.0) 
str:carlos henrique henrique joao  int:-8 0 2  float:-2.50 1.50  p:(0.9,-1.2) 
str:henrique rafaela  int:-9 -3 7 10  float:2.30  p:(2.3,-0.7) 
str:jose jose rafaela  int:-4 -3 4  float:-4.80 9.80  p:(-2.5,2.0) (4.9,0.7) 
str:ana bruno juliana lucas  int:-8 8 9  float:9.40  p:(3.5,-4.4) 
str:julia juliana juliana rafaela  int:-9 -2 -1 2  float:-7.70  p:(-2.2,-4.7) 
str:carlos maria  int:0 5 7  float:-7.10 -0.20  p:(1.2,-1.0) (-3.2,3.2) 
str:clara julia julia maria  int:-7 -7 -1 10  float:-8.00 -7.60 -1.30  p:(-0.0,3.2) 
str:ana carlos clara julia  int:-5 2 7 10  float:5.40  p:(-2.1,0.6) (4.9,3.4) 
str:ana bruno julia  int:-10 5 9  float:-1.00 7.10 9.50  p:(-2.0,1.9) 
str:henrique jose maria  int:0 3 9  float:-7.40 0.80  p:(0.7,2.8) 
str:bruno julia  int:-8 -8 -6 -3  float:-3.80 -3.00  p:(-2.0,-3.7) 
str:joao jose julia  int:-4 -1 3 10  float:-8.70 -0.70 9.90  p:(-0.0,-1.1) 
str:henrique henrique lucas  int:-4 1 5  float:-3.40 -0.80  p:(-1.4,-2.7) 
str:bruno julia maria  int:-8 3 8 9  float:-7.00 -2.80 7.70  p:(-3.0,1.8) (2.9,4.0) 
str:carlos rafaela  int:-8 -8 4  float:-5.70  p:(5.0,0.7) 
str:jose julia  int:-7 -6 6 10  float:8.30 9.70  p:(-2.4,-3.6) 
str:juliana lucas  int:-2 7  float:6.20  p:(-4.8,3.3) 
str:ana henrique  int:0 7  float:-7.40 -5.30  p:(-3.1,-3.6) 
str:clara juliana  int:-6 -6 7 10  float:-4.40 5.80  p:(-2.7,2.2) 
str:julia lucas paula  int:-6 -2 6  float:-0.50 9.50  p:(3.2,-1.7) 
str:ana maria paula  int:-4 -4 4 7  float:-9.50 2.90  p:(1.7,-1.4) 
str:ana bruno jose  int:-6 -5 9  float:-9.40 8.30  p:(2.4,2.5) (-3.5,2.9) 
str:carlos clara jose lucas  int:-3 2  float:5.60  p:(1.9,-3.6) 
str:clara clara jose  int:-7 -7 7  float:-5.30  p:(-3.4,4.6) 
str:carlos clara joao juliana  int:-10 -10 5 8  float:7.60  p:(-1.9,1.5) (4.4,-3.1) 
str:clara jose rafaela  int:-10 -9 -5 9  float:-5.10 9.70  p:(-3.4,1.7) 
str:clara jose  int:-6 6  float:-2.10  p:(-4.9,-3.6) 
str:ana bruno henrique henrique  int:-10 -9 3 8  float:-6.50 4.60 9.70  p:(-3.5,2.9) (4.0,-3.1) 
str:clara juliana rafaela  int:-5 2 3  float:-5.90 3.30 4.80  p:(2.3,-0.9) 
str:clara maria paula  int:-7 -3 -2 0  float:-9.60 -6.20 8.70  p:(4.0,1.8) (-4.1,-2.7) 
str:bruno jose maria paula  int:-9 -8 -7 -7  float:6.00 6.80  p:(-2.9,0.4) (4.6,4.2) 
str:ana joao  int:-10 -4 -3 -1  float:-9.40 -9.00 4.00  p:(-1.7,-4.6) (-5.0,0.2) 
str:bruno rafaela  int:-8 3  float:-5.80 9.40 9.80  p:(2.7,4.6) 
str:joao jose julia  int:-6 -4 -4 -3  float:0.20 4.10  p:(4.7,2.5) (4.6,4.3) 
str:bruno lucas  int:-7 -1  float:2.90 7.50  p:(1.9,3.5) 
str:henrique paula rafaela  int:-1 -1 8 9  float:-7.50 -2.90 -0.90  p:(-1.4,1.6) (3.3,0.9) 
str:clara julia rafaela  int:-7 -5 2 4  float:4.20 6.10  p:(3.6,-0.3) (5.0,-1.1) 
str:carlos henrique juliana lucas  int:2 9  float:-8.40 -2.90 -0.90  p:(2.1,2.4) (4.9,-3.2) 
str:bruno carlos jose lucas  int:-9 -4 -4 2  float:2.00 6.80 8.30  p:(-0.4,3.5) (-4.4,0.7) 
str:bruno jose maria rafaela  int:-7 8  float:-7.90 -4.70 3.50  p:(-1.6,-1.3) (-0.7,-3.0) 
str:bruno bruno paula  int:-8 5  float:-3.20 0.90 9.70  p:(-4.5,2.4) 
str:ana jose juliana juliana  int:-8 0 3 9  float:-2.80 8.90  p:(-2.1,4.4) (-4.9,2.0) 
str:carlos clara henrique henrique  int:-9 -5  float:-1.00 2.40 3.30  p:(-4.3,2.3) (-3.4,3.5) 
str:joao paula paula rafaela  int:-10 -1 2 6  float:-5.50 0.50 3.60  p:(-4.4,2.0) (1.4,4.9) 
str:carlos maria paula paula  int:-1 2 4 5  float:1.80  p:(3.7,-1.7) (4.8,-2.0) 
str:ana jose lucas  int:-8 -6  float:-7.60 -0.30 0.10  p:(4.3,0.7) 
str:clara henrique joao  int:0 6 6 9  float:-8.60  p:(2.5,-4.8) (-5.0,-2.5) 
str:julia paula  int:-9 -6 7  float:-2.00 6.50  p:(1.3,1.9) 
str:bruno clara  int:-7 4 5  float:2.50 5.60 6.00  p:(-3.5,0.8) 
str:rafaela rafaela rafaela  int:-5 0  float:-8.40  p:(2.3,4.6) 
str:ana ana clara henrique  int:-6 3 5  float:-6.50 5.80  p:(0.2,-2.5) 
str:carlos jose  int:-7 0 2 3  float:-7.30  p:(2.8,-0.4) (-4.2,3.7) 
str:jose jose julia julia  int:-9 6 6  float:-9.80 -1.80 2.50  p:(-0.9,-0.2) (-4.2,-0.6) 
str:jose lucas maria paula  int:-1 4  float:5.10 5.80  p:(-1.7,3.3) 
str:clara jose lucas rafaela  int:-2 3  float:-4.70  p:(0.6,0.5) (-3.6,0.5) 
str:bruno lucas maria rafaela  int:3 6  float:-3.80  p:(-0.7,2.0) 
str:joao jose jose  int:-10 -4 -2 7  float:-3.20 1.30  p:(3.4,4.4) 
str:clara julia maria maria  int:-6 -3 9 10  float:1.40  p:(-1.7,3.4) (-3.1,-2.8) 
str:carlos joao lucas rafaela  int:-4 2  float:-9.90  p:(0.5,0.1) (3.7,2.5) 
str:henrique paula  int:-3 1 3 3  float:-8.30 1.60  p:(4.9,-2.3) (-4.9,4.9) 
str:ana julia lucas  int:-9 9  float:-2.10 4.70 8.90  p:(-1.4,0.1) (4.6,2.6) 
str:bruno clara henrique  int:-10 -9 -5 -5  float:3.80  p:(-2.9,0.5) 
str:julia maria paula paula  int:-9 5  float:-9.60 -7.70  p:(-1.5,4.4) 
str:bruno jose jose  int:-8 -6 -3 9  float:-7.20  p:(-1.5,2.7) (4.2,4.2) 
str:bruno joao julia rafaela  int:-7 -3 0  float:-0.30  p:(-0.1,-1.4) (2.5,4.7) 
str:julia paula  int:-10 5  float:3.30 3.50 6.30  p:(1.4,3.6) 
str:henrique henrique julia juliana  int:8 9 9  float:-8.60 6.10 7.80  p:(-1.6,0.3) (0.9,2.6) 
str:ana joao juliana paula  int:-10 -10 -4 -4  float:0.80 5.20  p:(1.3,2.4) (3.1,1.9) 
str:ana rafaela rafaela  int:-6 4 9  float:2.90  p:(-1.6,3.2) (0.5,4.8) 
str:clara joao julia maria  int:-9 -8 -7 9  float:-9.40 -5.70  p:(1.1,-2.1) 
str:henrique joao  int:-2 0 2 8  float:-3.20 8.70  p:(3.9,0.4) (4.8,-1.0) 
str:ana clara maria  int:0 3 4  float:-0.70 3.00 6.90  p:(4.9,1.5) 
str:lucas lucas paula  int:-3 2 6  float:-6.80 -5.70 -0.10  p:(3.7,0.5) 
str:bruno carlos juliana lucas  int:4 9  float:-3.30 2.40 8.90  p:(-4.2,1.6) (4.9,-1.6) 
str:carlos henrique joao jose  int:-7 -2  float:-9.70 -5.10 0.70  p:(2.5,1.7) (2.2,3.6) 
str:ana julia maria  int:-5 3 6 9  float:-8.90 7.30  p:(4.0,-1.3) (-4.0,4.0) 
str:bruno jose  int:-10 -4 -2 5  float:-7.10  p:(-3.8,-5.0) 
str:carlos clara clara julia  int:-2 1  float:-0.70  p:(2.3,-4.3) (2.3,-4.8) 
str:ana carlos julia  int:6 9  float:-9.40 8.60  p:(0.6,-1.9) 
str:clara maria paula rafaela  int:-9 1 7 7  float:-9.00  p:(-1.8,2.6) (-1.6,4.8) 
str:ana henrique lucas  int:-2 1 7 10  float:-3.80 -3.20 4.70  p:(-3.7,1.7) (1.6,4.5) 
str:joao julia rafaela  int:0 7 8 9  float:-9.20 1.50 6.80  p:(3.7,0.8) (-3.9,0.9) 
str:carlos henrique jose  int:-7 -4 4  float:-2.80  p:(1.0,1.2) (1.9,-0.8) 
str:carlos carlos henrique lucas  int:-8 -8 -7  float:6.40  p:(1.0,-2.0) 
str:lucas rafaela  int:-10 -10 0 3  float:-3.50 6.80  p:(1.3,1.8) 
str:joao lucas  int:-6 9  float:-7.40 -5.70  p:(0.1,-0.4) (-4.5,-1.4) 
str:jose juliana juliana lucas  int:0 5  float:-2.20  p:(-2.7,-4.2) 
str:carlos jose lucas  int:-8 10  float:4.00  p:(0.7,1.5) (-4.9,4.4) 
str:ana bruno  int:3 7  float:-10.00  p:(1.2,-0.0) 
str:henrique henrique lucas  int:1 5 6 7  float:-6.10  p:(-2.8,-2.8) (3.8,-4.8) 
str:juliana juliana rafaela  int:7 9  float:-6.20 6.40  p:(3.2,2.5) (0.9,4.8) 
str:henrique maria  int:-9 -4 -3 2  float:0.20 3.30  p:(-4.5,-0.1) 
str:ana clara  int:5 5 9  float:-9.10 5.60  p:(-1.5,-4.6) 
str:ana bruno henrique  int:-6 4 4 8  float:-5.80 0.90 5.30  p:(-4.9,2.3) 
str:henrique joao julia juliana  int:-10 -2 2 6  float:-2.90 -2.30  p:(2.6,-0.5) (-2.8,-1.6) 
str:julia julia  int:-9 -6 6  float:-7.20 6.40 9.80  p:(1.8,2.6) 
str:ana joao julia rafaela  int:-7 2  float:-8.60 8.20  p:(2.3,-3.1) (0.3,-4.9) 
str:joao juliana lucas  int:-10 4 6  float:-3.00 -0.00 4.50  p:(-4.5,-0.4) (3.8,-4.0) 
str:henrique jose paula  int:-9 -3 3 6  float:-6.10 -5.50 -5.50  p:(-4.1,-0.1) (3.6,-2.1) 
str:ana joao jose lucas  int:-6 -5 8  float:0.20  p:(2.4,-0.2) (-4.2,4.7) 
str:joao joao lucas maria  int:-3 3 7 10  float:8.20  p:(4.2,-3.7) 
str:henrique joao jose  int:-9 -2  float:6.00  p:(3.0,2.4) 
str:carlos clara julia rafaela  int:-6 2 6 9  float:1.10  p:(-1.5,-1.2) (-2.2,-0.4) 
str:ana carlos clara  int:-9 -4 3 10  float:-5.50 2.40 5.80  p:(-0.0,0.2) (2.2,0.5) 
str:carlos henrique lucas paula  int:0 4 9  float:-10.00 -7.90  p:(4.0,1.5) 
str:ana joao paula rafaela  int:-2 5  float:-0.70  p:(2.9,-3.2) (-0.7,4.9) 
str:henrique juliana  int:-6 10  float:-5.70 -0.80  p:(-0.8,0.3) (-1.9,-3.2) 
str:lucas lucas  int:-10 9  float:-6.60  p:(0.1,-1.6) (-2.9,1.9) 
str:joao lucas  int:-4 4 9 9  float:-2.90  p:(-3.1,1.1) (0.8,-3.4) 
str:ana jose julia maria  int:-8 -1 0 3  float:-6.10  p:(0.5,1.9) (-1.6,1.4) 
str:julia juliana maria  int:-10 2 3  float:3.00  p:(1.4,1.8) 
str:henrique lucas  int:-10 4  float:-7.10 7.70  p:(-2.2,0.9) 
str:joao lucas rafaela  int:-8 -8 2  float:-4.00 1.30  p:(3.0,3.6) 
str:julia juliana juliana  int:4 5 7 7  float:-4.20 5.30 9.50  p:(-0.9,-2.1) 
str:ana bruno joao  int:-7 3 10  float:-8.70 -1.90 8.20  p:(4.0,-0.4) (3.8,4.2) 
str:carlos joao juliana  int:-10 -2 8  float:-6.30  p:(-3.4,4.0) 
str:ana jose rafaela  int:-10 2 3 8  float:-6.20 5.20  p:(-3.5,-1.0) 
str:bruno carlos lucas lucas  int:-7 -7 -6 -3  float:-9.50 2.10 4.80  p:(2.0,3.4) 
str:ana bruno  int:-9 -6 0  float:-4.20  p:(-1.5,0.1) (4.3,-1.3) 
str:ana carlos  int:-1 1 7 9  float:-2.60 7.80  p:(-1.5,-4.9) 
str:clara henrique  int:-3 -2  float:-8.50 -4.50  p:(-1.7,0.4) (2.1,0.5) 
str:lucas rafaela  int:2 5 8  float:-0.10 1.00  p:(4.2,1.3) 
str:carlos jose julia maria  int:-2 5 8 10  float:5.00  p:(-1.6,3.0) 
str:maria rafaela  int:-9 0 2  float:-4.80 -0.10 8.70  p:(-3.0,-2.5) (-1.4,3.7) 
str:carlos carlos henrique lucas  int:-6 4 4 7  float:5.50 9.90  p:(-1.9,0.7) (-4.2,-3.2) 
str:carlos henrique joao  int:-9 -8 -5 10  float:-3.20 6.80  p:(-2.9,4.6) 
str:carlos julia  int:4 8  float:-5.80 1.40  p:(-4.3,-1.0) (-4.9,0.9) 
str:clara henrique juliana  int:-6 -4 6  float:0.60 6.60  p:(-0.5,-3.4) (-3.7,-4.6) 
str:henrique jose jose julia  int:-1 5 7  float:-2.60  p:(-0.8,-1.7) (-3.3,-4.9) 
str:jose jose julia paula  int:-6 1  float:2.30  p:(-3.2,-2.6) (-0.6,4.5) 
str:henrique jose  int:-6 -6  float:5.00  p:(-1.4,-1.1) (3.9,-4.1) 
str:henrique maria paula  int:-2 6  float:-9.10 -3.20 4.00  p:(-1.7,-3.2) (-1.1,-3.6) 
str:joao joao lucas  int:-8 -8 8  float:-9.80 -4.90  p:(2.6,4.1) (4.9,-0.4) 
str:carlos henrique julia  int:-10 -3 -1 8  float:-7.00 0.60 5.40  p:(1.7,2.8) (3.7,3.8) 
str:henrique julia  int:-4 4 6  float:2.50  p:(3.7,0.3) (3.6,3.1) 
str:ana joao jose paula  int:-6 0 1  float:-6.20  p:(-0.6,2.8) (-4.3,-2.3) 
str:julia maria paula rafaela  int:4 10  float:-9.80 -2.10 -1.40  p:(3.5,2.0) 
str:ana henrique jose maria  int:-10 4 10  float:-8.20 -3.90  p:(-1.3,3.7) 
str:carlos paula rafaela  int:2 3 4 7  float:-5.30 1.00  p:(4.5,0.5) (4.0,2.2) 
str:carlos carlos joao paula  int:0 9  float:4.40 4.60  p:(-0.5,-4.9) (-4.3,3.3) 
str:ana henrique julia rafaela  int:-6 -5 10  float:0.10 4.50 7.00  p:(-2.7,4.1) 
str:ana julia  int:-9 -6 9  float:0.40  p:(-0.8,1.1) (-4.3,4.3) 
str:ana juliana rafaela  int:-4 -3 2 4  float:0.40 4.40  p:(-1.8,2.4) 
str:ana clara maria  int:-8 -8 0  float:-8.00 -3.60  p:(0.2,-0.7) (3.6,-2.7) 
str:clara clara joao joao  int:-9 -6 10  float:3.10 9.90  p:(4.5,-2.0) 
str:ana julia lucas  int:5 10  float:-9.30 -8.20 -4.70  p:(-4.8,0.1) 
str:carlos jose juliana lucas  int:-9 2 10  float:-7.70 -0.20 2.80  p:(1.5,-3.3) (4.7,4.6) 
str:ana maria rafaela  int:-8 4 9  float:0.30 3.00 5.30  p:(-3.9,0.6) 
str:ana lucas  int:-4 1 3  float:1.40  p:(1.9,0.8) (-4.7,1.0) 
str:clara jose  int:-6 8  float:-1.10 7.70  p:(0.0,-0.3) (-2.7,-4.3) 
str:bruno rafaela  int:-6 1 3  float:-2.40 4.50  p:(-3.7,-0.7) 
str:ana joao jose juliana  int:-10 -7  float:-2.70 -2.50 7.20  p:(-3.7,-3.3) (4.0,-3.3) 
str:juliana lucas maria rafaela  int:-7 4 7 9  float:5.40  p:(1.3,1.9) 
str:bruno henrique henrique juliana  int:-1 1 4 4  float:7.70  p:(2.2,-2.9) (4.3,-3.7) 
str:bruno carlos julia julia  int:-4 -1 2 8  float:-10.00  p:(-4.3,-0.1) (4.9,-4.5) 
str:ana bruno carlos  int:-9 -6 -6  float:-4.90 -3.70 3.10  p:(0.2,1.9) (-1.3,3.0) 
str:ana clara henrique  int:-10 -9  float:0.20 1.90 5.10  p:(0.2,1.6) (1.7,4.7) 
str:henrique henrique joao  int:-7 0 5 7  float:-3.00  p:(4.5,2.3) 
str:carlos joao julia paula  int:-7 -1 0  float:-3.80 8.10  p:(-2.1,-0.3) 
str:bruno carlos clara juliana  int:-3 9 10  float:6.20 7.50  p:(-0.1,-0.3) (-2.7,-4.2) 
str:lucas maria maria  int:-7 -2 6  float:-1.10 -0.30  p:(2.7,1.9) 
str:bruno carlos jose  int:2 5 9 10  float:-9.10 -7.70  p:(3.5,1.4) 
str:carlos jose juliana maria  int:5 7  float:-7.40 -3.70 2.20  p:(2.6,-4.8) 
str:clara julia lucas  int:-10 -10  float:1.20  p:(-3.6,-3.5) (-2.2,-4.8) 
str:joao paula  int:-10 -1 2  float:5.70  p:(0.7,4.1) 
str:carlos lucas rafaela  int:-8 2  float:1.60 1.70  p:(-2.2,-3.8) 
str:henrique joao maria  int:0 0 8 9  float:-0.10 0.90  p:(0.3,-2.1) (1.4,-4.2) 
str:clara lucas  int:-6 -5 10  float:7.40  p:(3.5,-1.8) (3.2,2.4) 
str:clara clara lucas  int:-10 -7 0  float:-3.90  p:(-2.1,-3.2) 
str:bruno julia paula  int:-9 -2 4 7  float:-6.40 4.60  p:(-4.5,-0.9) 
str:carlos maria rafaela  int:-3 0 5  float:-7.10 -4.20  p:(1.4,0.9) (-2.8,-1.0) 
str:ana rafaela  int:-7 4  float:9.80  p:(0.4,1.8) (2.1,4.5) 
str:henrique henrique  int:4 5 8  float:-9.90 -7.60  p:(1.6,-2.2) (-0.5,4.4) 
str:julia juliana rafaela  int:-4 5 8  float:-8.40 -2.60 1.30  p:(2.7,-3.8) (-4.0,2.8) 
str:maria rafaela  int:-5 1 6 6  float:-4.40  p:(-0.3,-2.3) 
str:ana maria maria  int:-1 4 6  float:6.00  p:(-1.3,2.1) (-2.8,2.5) 
str:henrique maria paula  int:-3 -1 0 1  float:-8.90 -2.00 0.90  p:(-2.3,1.7) 
str:ana joao julia  int:-9 -7 3 4  float:-8.90 4.80  p:(4.3,-1.8) 
str:ana carlos paula paula  int:-4 -3 10  float:-6.70 -5.50 -4.40  p:(4.9,0.8) 
str:bruno henrique  int:3 5  float:-4.80 7.20  p:(1.3,-2.7) (-3.7,0.2) 
str:carlos clara juliana lucas  int:-10 -5 -2  float:-1.90 7.00  p:(-0.2,0.1) (-2.3,-4.6) 
str:clara henrique rafaela  int:-8 -2 0 6  float:-2.40 -1.20 1.40  p:(-3.1,0.3) (-1.7,3.3) 
str:clara paula  int:-8 -8 2 8  float:-7.20 3.40 9.50  p:(-3.3,-3.7) (-4.4,3.2) 
str:clara jose lucas  int:-5 -2 -1 2  float:-5.00 4.10 4.30  p:(-2.2,-4.5) 
str:ana carlos clara rafaela  int:-5 3 6 8  float:-4.40 -2.10 0.30  p:(-0.1,1.5) (-4.8,-0.5) 
str:ana jose  int:-9 -1 3 10  float:-4.30 -3.80 3.70  p:(-1.0,0.1) 
str:ana joao  int:-7 -5 2 9  float:-4.00  p:(-4.5,2.8) 
str:joao maria  int:-3 1  float:-6.20 3.30 3.50  p:(-3.3,-2.7) 
str:carlos carlos carlos joao  int:-9 3  float:-7.80 6.00  p:(4.7,-3.4) 
str:bruno jose rafaela  int:-4 -3 -2 3  float:-5.00 -2.00  p:(3.0,2.6) 
str:carlos lucas rafaela  int:-9 1 6  float:-0.50 6.10  p:(-2.1,-1.9) (2.7,4.6) 
str:joao juliana  int:2 5  float:-2.00  p:(1.3,3.6) 
str:carlos carlos julia paula  int:3 6  float:-9.10 -6.40 9.70  p:(4.3,2.5) 
str:ana joao paula rafaela  int:-1 7 8 8  float:-1.70 3.00  p:(-1.9,-1.0) (-1.9,-3.0) 
str:bruno maria maria rafaela  int:-9 -6  float:-1.60 2.30 9.30  p:(-3.1,-3.2) 
str:henrique joao maria  int:5 10  float:-7.40 -3.00  p:(2.6,2.3) (-4.3,1.0) 
str:clara rafaela  int:-10 -1 8  float:-5.90 2.80 4.80  p:(2.9,-4.3) 
str:bruno clara maria  int:-7 -6 -5 6  float:7.20 7.70 8.80  p:(2.5,1.7) 
str:ana carlos carlos henrique  int:-10 -7 1 9  float:3.20  p:(-3.4,-4.7) 
str:ana ana bruno maria  int:-3 0 8  float:-6.20 3.00 7.80  p:(-2.2,-0.3) (-4.9,-4.2) 
str:ana clara  int:-1 6  float:-8.40 -6.40 8.60  p:(-2.8,0.2) 
str:ana paula rafaela  int:-4 4 5 9  float:3.00 3.00  p:(3.6,4.0) 
str:clara julia juliana paula  int:-3 9  float:-2.40 -1.00 5.80  p:(2.1,2.4) 
str:bruno carlos lucas maria  int:-9 9  float:-4.60 2.10 7.80  p:(0.2,1.1) (-0.1,-2.8) 
str:joao rafaela  int:-9 -4 -4 6  float:8.50  p:(-4.4,4.4) 
str:maria rafaela  int:-6 1  float:-2.50 4.50  p:(0.3,-2.6) 
str:carlos carlos joao lucas  int:-7 -5 -3  float:2.40 2.60  p:(2.1,-2.4) (4.3,1.5) 
str:joao julia rafaela rafaela  int:-8 -4 -2 0  float:-2.20 -1.50 4.50  p:(-1.2,-2.6) (4.2,-3.4) 
str:joao paula  int:-1 7  float:6.20 7.00 8.90  p:(-1.2,-2.4) (0.2,4.9) 
str:henrique joao jose rafaela  int:-9 -4 -1 1  float:1.90  p:(-1.5,2.8) (-4.4,0.5) 
str:joao lucas lucas  int:-8 -5 2  float:0.60 5.60 7.40  p:(3.1,-4.7) 
str:ana henrique juliana paula  int:-6 0 7  float:-2.20 1.50  p:(1.3,-3.4) (4.9,-0.4) 
str:julia lucas  int:-8 7 10  float:3.40  p:(0.0,-1.2) (3.8,-0.0) 
str:henrique julia lucas  int:-10 6  float:-2.10 6.50  p:(-0.1,4.5) 
str:ana joao  int:-1 4 7 10  float:-5.30 0.40 5.10  p:(-0.8,1.0) 
str:bruno maria  int:-4 -2 3 7  float:5.70  p:(-1.3,-3.2) (-3.8,-3.9) 
str:clara lucas rafaela  int:-9 -4 8 9  float:-9.80 -7.10 -0.90  p:(3.7,1.9) (3.5,2.5) 
str:carlos clara  int:-9 -3 8 10  float:-6.50 0.60 2.00  p:(4.9,-3.0) 
str:bruno joao maria  int:-10 0  float:-6.00 -1.00  p:(-3.1,-0.6) (-4.6,0.9) 
str:jose paula paula  int:1 2 2 6  float:-1.50 4.30 6.00  p:(4.1,2.8) 
str:carlos clara jose lucas  int:-2 3  float:-4.00  p:(1.2,5.0) 
str:bruno paula rafaela  int:-3 6  float:4.60  p:(1.7,-3.7) 
str:juliana lucas paula  int:3 8  float:7.80  p:(-1.6,-3.7) (-4.0,1.6) 
str:ana paula  int:-10 9  float:-0.50 0.80 4.80  p:(-2.9,3.9) 
str:ana clara henrique joao  int:-4 1 4  float:-6.60 1.80  p:(-2.7,0.7) (-4.2,0.2) 
str:ana julia maria rafaela  int:-6 8  float:-0.50  p:(3.7,3.2) 
str:ana bruno maria  int:-6 -2  float:-4.70 -4.50 9.50  p:(1.1,-1.4) 
str:carlos joao  int:5 7 9  float:-9.70 4.10  p:(1.3,2.1) (-3.2,1.0) 
str:clara juliana  int:-10 5 9  float:-5.40 -3.50  p:(-1.2,0.6) (4.3,-4.7) 
str:carlos lucas  int:-8 -6 2  float:-4.30 5.20  p:(1.7,0.1) 
str:ana ana henrique julia  int:-3 8 9  float:-6.30 -4.80 4.20  p:(-3.2,4.2) 
str:carlos maria paula  int:-3 1  float:-3.30 -1.50  p:(1.6,-0.5) (-1.0,-4.2) 
str:carlos joao juliana  int:8 8  float:-9.70 -9.00 8.30  p:(3.6,-0.3) (-2.5,-4.1) 
str:henrique maria rafaela rafaela  int:-10 1 3 10  float:6.00  p:(1.2,-0.0) 
str:ana joao lucas lucas  int:-8 5 5  float:-0.40  p:(-2.0,2.7) 
str:bruno bruno jose jose  int:-5 9  float:-5.40  p:(3.4,-1.0) 
str:henrique juliana lucas  int:7 9  float:-3.90 0.00  p:(4.2,-1.6) 
str:clara lucas paula  int:-1 7  float:-8.80 -0.80 3.30  p:(1.3,-3.2) 
str:henrique jose julia  int:-10 -2 4 7  float:-1.40 1.70 2.70  p:(1.5,-3.0) 
str:bruno clara joao  int:-10 -3 -2 10  float:-8.30 -5.00  p:(1.9,-2.5) (4.6,-4.9) 
str:bruno jose maria  int:-9 -7 -3 9  float:-3.90  p:(0.3,-1.6) (-5.0,1.6) 
str:bruno clara juliana  int:-3 7  float:-9.20 0.80 2.00  p:(3.5,-3.0) (-4.9,3.2) 
str:carlos clara  int:-10 -8 8 10  float:-8.50  p:(2.1,-0.2) 
str:clara julia rafaela rafaela  int:-8 -5 3 7  float:-1.70  p:(-3.8,-0.5) 
str:clara henrique maria  int:-7 -5  float:-5.10  p:(1.4,3.7) 
str:clara maria  int:-4 -4 1 5  float:2.40 7.50 9.30  p:(-0.2,3.2) 
str:henrique juliana lucas maria  int:-9 -6 -5 8  float:-5.60 9.00  p:(-0.1,0.0) (1.1,-4.4) 
str:henrique juliana lucas maria  int:-4 -3 10  float:1.80  p:(2.3,3.1) (-3.9,-2.9) 
str:joao maria  int:-10 -9 -8 -4  float:-2.00 -0.00 4.10  p:(3.8,4.2) 
str:bruno joao joao juliana  int:-10 10  float:-6.40 -4.30 -0.00  p:(-4.2,5.0) 
str:carlos jose lucas  int:5 8  float:5.90  p:(0.8,-1.4) 
str:bruno carlos  int:7 7 8 10  float:-5.50 -4.50 -0.50  p:(-2.1,4.2) (-4.4,3.6) 
str:bruno clara henrique paula  int:-7 -1 1  float:-1.70 -1.60 8.40  p:(3.3,3.7) 
str:ana joao juliana  int:8 10  float:-8.20 9.00 9.60  p:(3.6,-4.7) 
str:carlos joao joao  int:-3 2  float:-7.50 7.40  p:(-0.7,1.2) (3.5,-0.6) 
str:bruno henrique juliana lucas  int:-3 0 1  float:7.90 9.80  p:(-2.7,0.4) (3.8,1.9) 
str:bruno joao juliana rafaela  int:-3 -1 2 5  float:-4.40  p:(2.4,3.6) 
str:clara clara clara  int:-9 -1 2  float:-6.80  p:(3.2,0.7) 
str:carlos henrique lucas  int:-1 9  float:4.10  p:(-4.6,-1.0) (-4.3,2.7) 
str:carlos julia  int:-10 0 6  float:0.60 1.80 8.20  p:(0.7,-1.7) (-4.4,3.3) 
str:joao joao julia  int:-6 -5 -3  float:9.10  p:(-0.7,-1.7) 
str:bruno clara henrique  int:-1 6  float:1.50 3.80 9.00  p:(-1.7,1.7) (2.1,1.7) 
str:henrique henrique juliana  int:-4 -2 -2 2  float:3.70  p:(-0.4,0.1) (-3.6,0.0) 
str:bruno clara joao  int:-8 -2  float:-3.50 1.20 3.40  p:(-0.4,1.9) (-2.5,-4.9) 
str:bruno carlos juliana maria  int:-6 -3 -2 0  float:-0.80 0.30  p:(0.5,-2.7) (0.8,-3.5) 
str:carlos jose lucas  int:-7 -4 -1 -1  float:-6.10 5.80 7.50  p:(-0.2,-2.7) (-0.1,4.9) 
str:clara clara maria maria  int:-8 -5 -1 6  float:4.50  p:(4.3,0.9) (0.7,-4.5) 
str:bruno carlos joao lucas  int:4 5  float:-6.50  p:(3.4,0.7) (-4.8,1.7) 
str:bruno jose  int:-9 1  float:-5.60 -3.70 7.80  p:(0.1,-0.1) (1.4,-4.9) 
str:ana julia juliana paula  int:-9 -4 9  float:-9.40 -2.40 6.90  p:(5.0,2.6) 
str:ana clara henrique  int:-3 1 8  float:1.30 9.30  p:(0.6,-0.2) 
str:ana bruno juliana maria  int:-10 -6 1  float:-7.30 -6.60 5.10  p:(-0.6,-3.6) 
str:clara jose  int:0 3  float:-7.00 -0.60 6.20  p:(1.2,-0.7) (0.3,-3.8) 
str:bruno jose paula rafaela  int:-3 3  float:4.50  p:(-1.1,-1.4) (-1.2,3.5) 
str:bruno clara clara julia  int:0 10  float:2.60 9.70  p:(3.7,1.2) 
str:bruno henrique juliana maria  int:0 1 2 5  float:-9.50 3.40 3.60  p:(0.8,2.1) (-4.6,-4.9) 
str:lucas lucas  int:-10 -5 3  float:-9.10 -5.20 -2.00  p:(2.0,0.9) 
str:bruno jose julia rafaela  int:-8 9  float:-6.20 5.30 9.10  p:(-4.4,0.9) 
str:henrique joao julia  int:-8 -1  float:-5.70 -2.10 8.50  p:(-0.7,4.7) 
str:clara maria  int:-5 -3  float:-10.00 6.20 7.80  p:(3.3,-2.7) 
str:clara henrique jose juliana  int:-6 -2 0  float:-7.60 -5.80 6.50  p:(-1.5,3.6) 
str:joao paula  int:-2 0 0  float:-7.60 5.30  p:(-4.9,4.0) 
str:julia juliana  int:1 5 5  float:-4.70 -1.50  p:(-3.3,2.1) (-4.7,3.7) 
str:carlos henrique juliana maria  int:-6 1 4 5  float:3.40  p:(-2.4,-2.7) (4.6,-3.5) 
str:jose lucas maria  int:-2 -1 4  float:-5.40 3.00 8.60  p:(2.8,0.2) 
str:bruno clara  int:2 4 9  float:-3.50 1.10 4.40  p:(-3.3,-4.3) (-4.8,-3.4) 
str:jose paula  int:3 9 10  float:-1.30  p:(3.3,-2.2) (4.4,3.0) 
str:juliana paula  int:-8 -5 4  float:-9.90 3.50  p:(2.1,-1.6) (-3.1,-3.3) 
str:henrique jose jose  int:-8 3 9 10  float:7.40  p:(0.1,4.0) 
str:carlos joao  int:-9 -8 0  float:-5.00  p:(-3.9,-2.7) 
str:bruno clara juliana  int:-7 3 3  float:-8.30 0.40  p:(-5.0,2.2) 
str:henrique lucas maria paula  int:-7 -5 -4  float:-9.70 -7.80  p:(-0.4,-1.8) 
str:joao juliana juliana  int:10 10  float:-2.90 -0.10 3.40  p:(-2.9,-1.1) 
str:maria paula  int:-1 1 6  float:-6.80 4.80 6.50  p:(-0.9,1.1) (-1.7,-0.6) 
str:henrique jose  int:-2 4 8  float:3.70 4.30 9.70  p:(3.6,-2.6) (3.9,-3.7) 
str:bruno henrique julia  int:-8 -7 7  float:-0.10 4.70 7.20  p:(-0.4,1.1) (-2.1,1.4) 
str:carlos henrique juliana  int:0 1 6 7  float:-9.40 -1.50 9.80  p:(-1.5,-2.1) (-0.0,2.6) 
str:bruno henrique paula  int:3 7  float:-5.00  p:(-4.2,0.5) (-2.4,-4.3) 
str:joao juliana lucas  int:-10 -10 -6  float:-8.40  p:(0.3,-1.0) (0.8,-3.9) 
str:ana joao  int:-4 -3  float:-3.70 1.70 5.60  p:(3.0,-1.9) 
str:carlos jose maria  int:-2 2  float:-2.60  p:(3.5,2.3) 
str:bruno joao joao lucas  int:-9 8  float:-7.40 -6.00 9.50  p:(-3.9,-1.4) 
str:julia juliana paula  int:-4 3  float:2.60 6.60  p:(-1.0,0.7) (0.8,-3.3) 
str:ana juliana lucas  int:-10 3 4 9  float:-7.90 5.80  p:(3.3,-0.4) 
str:carlos clara lucas  int:-9 -4  float:-9.90 -6.70 -1.10  p:(2.1,3.3) (2.1,4.9) 
str:clara maria  int:-4 -4  float:-7.70 2.40 6.10  p:(-2.1,-4.0) 
str:ana clara rafaela  int:2 5  float:-8.30 6.10  p:(-2.6,3.4) 
str:carlos joao lucas rafaela  int:-10 7 8 10  float:-2.10 1.80  p:(-2.3,-2.6) (4.3,3.4) 
str:henrique lucas rafaela  int:-8 -6 -4 6  float:5.80  p:(-1.3,4.6) 
str:clara juliana  int:-2 2 2 9  float:-3.60 9.80  p:(0.6,2.9) 
str:carlos clara rafaela  int:1 9  float:-4.00 9.30 9.60  p:(3.3,-2.5) 
str:bruno carlos juliana  int:-8 -4 -1 6  float:-2.00 3.30 6.20  p:(-2.1,-2.7) (4.2,0.6) 
str:henrique joao paula  int:-8 -1 0 4  float:-9.70 -4.60 4.10  p:(-0.7,-2.6) (4.0,-0.3) 
str:clara maria  int:5 9  float:-3.60  p:(0.2,-2.8) (-3.8,2.8) 
str:bruno joao julia  int:-1 -1 7 9  float:-0.80  p:(-3.9,3.4) (2.8,4.6) 
str:ana bruno julia rafaela  int:-3 -3 2 8  float:-9.40 4.40 8.60  p:(0.8,4.3) 
str:juliana maria  int:-9 -9 9  float:-3.10 5.40  p:(2.5,2.4) (-4.5,3.9) 
str:julia paula  int:-10 -8 -1 0  float:-7.80  p:(3.4,3.0) 
str:ana jose juliana  int:-9 -7 9  float:-1.10  p:(1.8,0.8) (3.5,-1.4) 
str:julia maria rafaela rafaela  int:-5 6  float:-4.50 -1.90  p:(1.0,-2.0) (-4.4,3.4) 
str:julia lucas  int:-7 -6  float:-8.70 8.20  p:(1.2,-4.3) 
str:bruno jose jose julia  int:-6 -2 5  float:-8.90 8.30  p:(-1.5,-1.2) 
str:ana henrique henrique  int:-6 -2 4 4  float:-6.90 3.20  p:(-0.7,0.3) 
str:ana clara jose maria  int:-7 -1  float:0.80 5.50  p:(4.1,4.1) 
str:clara jose julia maria  int:6 10  float:-5.60 2.40  p:(1.4,4.4) 
str:jose lucas paula  int:1 2 2 7  float:-9.00  p:(-1.1,0.5) (-4.4,3.7) 
str:jose paula  int:-8 -7 3  float:1.00  p:(-2.6,0.5) 
str:clara maria rafaela  int:-7 2 4 5  float:-7.80  p:(-3.2,-1.6) 
str:ana henrique henrique rafaela  int:-10 -5  float:-6.80 4.70  p:(1.1,3.1) 
str:bruno clara joao maria  int:0 6  float:3.10 7.50 9.40  p:(-1.9,2.7) (0.2,4.0) 
str:ana lucas rafaela rafaela  int:-8 -4 5  float:3.40 7.30  p:(4.0,-0.5) 
str:bruno carlos julia julia  int:-9 -8 9 9  float:-4.20 -0.10 2.50  p:(-0.9,2.5) (4.3,-4.6) 
str:jose juliana  int:-9 -2 -2 1  float:-8.30 5.00 9.70  p:(1.1,-3.0) (-3.6,3.9) 
str:ana carlos julia paula  int:-9 0 6  float:6.10 8.70  p:(-2.0,3.7) 
str:henrique maria  int:-2 0 1 9  float:1.70 5.90  p:(-1.9,4.1) 
str:carlos maria  int:5 8  float:-6.10 6.40 9.70  p:(0.3,-1.3) 
str:maria paula  int:-5 -5  float:1.90  p:(1.0,-1.1) (4.6,-3.5) 
str:joao juliana juliana paula  int:-9 -8 -6  float:-7.90 0.70 4.70  p:(3.5,-2.4) (-0.8,-4.5) 
str:ana joao paula rafaela  int:-8 -6 8  float:-3.60 2.00 4.30  p:(1.3,4.5) 
str:ana bruno clara maria  int:-10 -10 -6  float:3.00 3.10  p:(-2.4,-3.6) 
str:clara julia maria rafaela  int:0 9  float:0.40 3.50 5.20  p:(-3.7,0.5) (-0.4,3.8) 
str:julia lucas maria  int:-10 -7 -2 4  float:-8.20 2.40  p:(0.8,1.0) 
str:julia maria paula paula  int:1 3 10  float:-1.80 2.90  p:(2.7,1.0) (-4.0,-1.9) 
str:juliana maria maria maria  int:-8 -4  float:3.60 3.60 7.90  p:(-1.3,3.7) (-4.5,-4.1) 
str:ana jose  int:-8 -5 -3 9  float:8.30  p:(-2.6,3.5) (3.5,-3.2) 
str:ana carlos juliana  int:-5 -1 5 10  float:8.70  p:(0.1,3.6) (-2.6,3.9) 
str:clara clara julia juliana  int:-3 8  float:-7.60 -5.50 7.40  p:(3.2,0.4) (-0.8,-4.9) 
str:julia julia maria  int:-7 1  float:9.20  p:(-0.6,-3.0) (-2.7,-4.4) 
str:jose lucas maria  int:-1 2 8  float:-9.50 -3.10  p:(4.1,1.0) (4.1,-3.0) 
str:ana ana  int:-2 1  float:0.30 2.50 3.70  p:(-4.7,-4.3) 
str:bruno henrique henrique  int:-3 -3 -1  float:-6.70 3.00  p:(1.3,-3.0) 
str:joao jose paula  int:-9 -3 3 4  float:-4.30 -4.20  p:(-1.8,-1.1) (-2.7,-1.0) 
str:joao julia maria  int:-6 3  float:-1.20 -1.10 3.20  p:(-0.3,-3.3) 
str:juliana juliana paula  int:-5 3 4  float:-0.10 6.80  p:(-0.1,2.4) (-3.7,4.3) 
str:carlos carlos jose juliana  int:-9 7 8 10  float:-7.70 -2.00  p:(0.9,0.8) 
str:carlos maria  int:0 1 6  float:-1.90 -1.20 3.70  p:(0.0,-3.3) (3.9,3.2) 
str:carlos clara clara paula  int:-10 -7 -5  float:-4.00 -4.00 0.10  p:(0.3,-1.1) 
str:julia juliana juliana  int:-1 1 1 4  float:-7.10  p:(3.0,-3.0) 
str:ana clara jose  int:0 0 2  float:2.10  p:(-0.9,3.0) (-3.5,0.4) 
str:ana ana rafaela  int:-6 4  float:-8.20 8.00  p:(-0.5,-2.9) 
str:ana joao juliana paula  int:-7 -1 2 10  float:-3.50  p:(-2.5,-1.0) (-3.3,-2.9) 
str:carlos lucas lucas  int:-1 9  float:-5.80 5.60  p:(-1.2,3.8) 
str:jose lucas paula  int:1 5  float:-2.80  p:(0.1,0.2) 
str:joao lucas lucas  int:-9 -2 -2  float:1.10  p:(-2.9,1.3) (3.6,0.1) 
str:carlos julia julia maria  int:-4 3 5  float:-2.10 1.80  p:(-2.3,-4.1) (4.8,4.1) 
str:carlos henrique henrique  int:1 5 7  float:-5.80 -0.30  p:(-1.5,0.3) 
str:juliana lucas  int:-2 -1 1 6  float:-0.50 1.60  p:(-3.3,-0.7) 
str:clara jose rafaela  int:-7 -4  float:-7.80 -3.70 -1.20  p:(-4.9,0.8) 
str:bruno clara julia juliana  int:-3 -2 7 8  float:-9.80 2.80  p:(-0.4,0.8) (1.7,-4.5) 
str:carlos clara  int:-7 -2 1 1  float:1.80 2.00 6.10  p:(2.6,-0.1) (-2.4,3.8) 
str:ana jose paula  int:-8 1 5 8  float:-2.10  p:(2.9,1.2) 
str:henrique julia rafaela  int:-5 2 5 9  float:-9.30 -0.30 0.10  p:(-2.3,4.2) 
str:jose maria  int:-3 10  float:-0.80  p:(2.6,-4.1) (1.8,4.9) 
str:bruno henrique henrique maria  int:-8 1 8 10  float:6.90  p:(-3.2,-1.5) (-0.7,4.7) 
str:carlos joao joao paula  int:0 5 6 10  float:-2.30 -1.40 6.40  p:(1.6,3.6) (-4.5,-3.4) 
str:ana clara lucas paula  int:-10 1 3  float:-5.50 -1.60 -0.20  p:(3.4,0.9) (1.1,3.9) 
str:ana bruno joao juliana  int:-9 -4 7  float:-8.60 0.30  p:(-2.3,4.0) (5.0,1.4) 
str:joao joao jose  int:-9 0 6 9  float:-5.70 3.80 6.10  p:(3.2,-4.3) 
str:bruno carlos joao rafaela  int:9 9  float:-2.70 6.70  p:(2.8,0.1) (-3.4,2.2) 
str:bruno clara  int:6 7  float:9.50  p:(-1.2,-0.5) (-1.9,-4.7) 
str:lucas rafaela  int:-10 1  float:-5.60 0.30 0.90  p:(-1.8,0.5) (5.0,2.8) 
str:clara henrique paula paula  int:-8 10  float:-2.30 -2.00  p:(3.5,0.6) 
str:clara joao juliana rafaela  int:-1 7  float:-9.20 1.40 4.40  p:(1.5,1.0) 
str:jose jose maria  int:-10 -10  float:4.90 6.70 9.00  p:(-2.1,0.4) (3.4,3.6) 
str:ana ana clara clara  int:-7 9  float:-5.00 0.80 1.40  p:(-0.0,4.8) 
str:henrique joao juliana  int:-9 -9 3  float:8.50 9.90  p:(1.6,2.4) 
str:bruno rafaela  int:-7 -4 7 8  float:-5.90 5.80  p:(2.1,2.9) (4.8,4.3) 
str:ana ana clara juliana  int:1 7  float:-7.00 -5.60  p:(-4.2,-4.6) 
str:jose lucas  int:-7 -4 -1 3  float:-4.40  p:(-0.7,1.7) (-0.2,4.9) 
str:julia maria rafaela  int:-9 -4 -1  float:-7.00  p:(1.4,-2.3) (4.8,-3.5) 
str:carlos clara joao maria  int:-9 -4 -2 2  float:-2.00 -1.10 3.80  p:(1.7,2.1) 
str:ana bruno rafaela  int:-8 -6 2 2  float:-4.20 1.00  p:(3.7,-2.0) 
str:ana maria  int:-6 -5 -5  float:-9.40  p:(-1.6,-2.2) 
str:clara julia paula  int:-5 -5 3 4  float:5.70  p:(-3.0,4.1) 
str:clara joao maria paula  int:-4 0 6  float:-9.60 7.00  p:(-1.9,3.1) 
str:henrique joao paula  int:-4 6 8  float:-7.40  p:(1.9,4.6) (4.2,-3.0) 
str:ana bruno carlos lucas  int:3 6  float:-7.80 0.50 5.90  p:(-3.2,-1.1) (4.2,-3.2) 
str:ana lucas  int:6 8  float:-8.80 6.90 9.50  p:(-1.2,-3.9) (0.5,4.4) 
str:clara lucas rafaela  int:-3 8  float:-8.80 -6.90 -5.40  p:(0.4,0.1) 
str:bruno julia lucas  int:-10 -4  float:6.40  p:(2.1,-1.6) (-4.7,-2.4) 
str:clara henrique jose  int:-9 -6 -2 9  float:0.60  p:(-2.6,-3.2) (2.9,-3.1) 
str:carlos henrique  int:-1 2  float:-5.40 -4.70  p:(-2.2,2.0) 
str:carlos clara lucas  int:1 9  float:-3.30 3.80 5.10  p:(1.1,-2.5) (-1.1,2.5) 
str:joao paula rafaela  int:-9 -7 7  float:-9.80 -6.80 -4.70  p:(-2.0,-3.6) (-5.0,2.4) 
str:joao rafaela  int:-8 -3  float:5.90 7.40 7.90  p:(4.6,-1.6) (1.8,4.8) 
str:jose jose maria rafaela  int:-7 -6 8  float:7.50  p:(-4.6,2.0) (-1.9,-5.0) 
str:jose julia  int:-7 -2  float:-7.00  p:(3.3,-0.7) 
str:joao lucas  int:-8 -7 2  float:7.00  p:(2.5,-0.2) (2.8,0.9) 
str:clara maria  int:-3 -3  float:6.70 9.20  p:(1.7,-3.3) 
str:bruno henrique lucas lucas  int:-3 1  float:-8.50 0.00  p:(2.7,-1.7) (0.0,-3.8) 
str:ana bruno joao paula  int:-1 4  float:-4.00  p:(-1.9,-2.1) 
str:carlos jose paula  int:-3 -1 5 6  float:-5.50  p:(-1.8,-1.5) (1.1,-3.4) 
str:joao juliana juliana lucas  int:-8 0  float:0.70 8.20  p:(-1.2,-4.4) 
str:maria rafaela  int:-2 3 5 10  float:4.40  p:(-1.3,-1.8) (3.7,-4.6) 
str:clara jose jose julia  int:2 8  float:-6.20 -4.50 1.70  p:(3.0,-1.0) (-3.1,2.7) 
str:ana joao juliana maria  int:-5 -2 2  float:-2.10 1.90  p:(1.6,-4.5) 
str:bruno julia paula  int:0 6  float:-9.30 -5.40 -2.20  p:(2.5,-1.4) 
str:clara clara clara jose  int:-5 -4 -3 8  float:6.20  p:(-2.0,0.7) 
str:henrique juliana  int:-8 -2 2 3  float:-1.80 8.60  p:(-1.6,0.1) 
str:carlos henrique lucas  int:2 4 5  float:-1.50 -0.40 6.20  p:(1.5,-1.2) (-3.7,-2.4) 
str:carlos joao  int:-8 3 9  float:-5.50 5.60  p:(-3.8,-0.9) (-4.1,3.0) 
str:jose julia  int:-8 -5  float:-6.30 -3.30 -0.80  p:(-3.1,2.4) (3.0,-3.3) 
str:carlos paula rafaela  int:1 6  float:-6.90 7.50  p:(-1.9,-3.5) 
str:clara paula paula  int:-10 -2  float:-3.60 -0.60  p:(2.3,-4.7) 
str:julia maria  int:-8 7 9 10  float:7.70  p:(0.7,-3.4) (0.7,-3.8) 
str:juliana juliana lucas lucas  int:-2 -1  float:-9.30 3.60 4.40  p:(2.6,2.4) (3.4,2.1) 
str:ana clara jose julia  int:-4 1 4 4  float:-6.70 -0.70 9.90  p:(-0.6,0.5) 
str:carlos carlos clara maria  int:-10 -7 3 6  float:-0.70  p:(0.5,-0.3) 
str:bruno paula  int:-7 -2 1 4  float:3.20 8.20  p:(0.0,3.0) 
str:carlos lucas  int:-7 -4  float:-2.20 1.30  p:(-3.6,-2.9) 
str:rafaela rafaela  int:-5 6  float:-5.60 -2.00 6.40  p:(3.4,1.5) 
str:carlos julia julia rafaela  int:-7 -6 -1 7  float:-2.10 9.20 9.90  p:(3.3,0.5) (-4.5,1.5) 
str:carlos clara juliana lucas  int:-6 -4 0 7  float:-2.00 -0.30  p:(1.4,-1.5) (-3.7,1.2) 
str:clara clara  int:-9 1  float:6.00 9.10  p:(-0.2,-3.4) 
str:clara joao jose julia  int:-3 -3  float:-8.00 -5.20  p:(-1.3,-3.0) (4.3,4.8) 
str:bruno bruno carlos juliana  int:-8 4  float:-7.20  p:(-0.8,0.3) (3.0,-4.0) 
str:carlos clara henrique  int:-9 -1 0 10  float:5.20 5.40  p:(0.6,1.7) (1.1,-3.2) 
str:bruno joao paula  int:-9 -8 3 4  float:3.30 7.60  p:(2.4,-2.7) 
str:bruno jose jose paula  int:-5 -2 1 3  float:-5.50  p:(2.2,2.0) (-3.6,1.8) 
str:bruno jose  int:-10 -9 -5 7  float:-4.50  p:(4.1,-3.2) 
str:ana paula paula rafaela  int:-9 4  float:-4.00  p:(-2.1,-1.4) 
str:lucas rafaela  int:-4 -4 6  float:-8.20  p:(-4.5,-3.9) 
str:joao jose maria paula  int:-1 7  float:1.90  p:(3.8,0.3) 
str:ana carlos henrique rafaela  int:-5 3 5  float:-9.90 3.00  p:(-2.5,-0.8) (-2.8,4.2) 
str:clara joao  int:-9 -4 1  float:-8.70 -5.00 -1.50  p:(2.6,-3.5) 
str:bruno lucas lucas maria  int:-4 -4 0  float:6.10  p:(0.5,-0.8) 
str:clara jose  int:3 8 9  float:4.80  p:(-1.1,-2.8) (-3.0,-2.1) 
str:bruno maria paula  int:-9 -4 2  float:4.40 8.90 10.00  p:(-1.8,-4.1) (-4.7,1.0) 
str:ana henrique joao lucas  int:-7 -6 -5  float:-4.40  p:(0.7,-2.3) (-4.5,-2.1) 
str:clara jose maria  int:-6 3 8  float:-3.40 1.00  p:(3.2,-1.9) (-2.2,4.0) 
str:bruno bruno carlos paula  int:7 8 8  float:-5.80 4.50  p:(3.4,-0.3) 
str:joao maria maria  int:0 3  float:0.50  p:(-0.3,-3.7) (-4.6,-1.2) 
str:carlos juliana lucas maria  int:-10 -4 -3  float:8.00 8.00  p:(-2.1,2.7) 
str:clara lucas  int:-10 1 4 10  float:5.50 7.70  p:(-0.5,-2.3) 
str:henrique julia paula  int:-9 2  float:0.20  p:(-3.6,0.0) 
str:julia juliana  int:-5 10  float:-7.50 -6.30 5.50  p:(-0.7,4.4) 
str:juliana lucas lucas  int:4 5 10  float:-2.70 -0.50 7.40  p:(3.4,-2.2) (0.7,-4.3) 
str:carlos henrique  int:8 9  float:-5.60 -5.30  p:(-1.0,2.1) (-4.0,4.9) 
str:bruno juliana  int:-3 8 9  float:1.80 7.50  p:(-2.7,-1.7) (0.2,-4.9) 
str:henrique jose lucas  int:-6 -5 -4 -3  float:-1.70  p:(-2.6,-0.2) (-3.1,4.1) 
str:joao maria paula rafaela  int:-7 -4 -3 -1  float:-2.60 9.80  p:(0.6,-1.1) (-0.7,4.5) 
str:clara henrique juliana rafaela  int:-3 8  float:-6.60 2.90  p:(2.1,-3.4) 
str:ana carlos clara julia  int:-2 0 9  float:2.20  p:(3.9,-0.8) (4.4,2.1) 
str:carlos julia  int:-10 6  float:-2.50 6.60 7.40  p:(-2.2,-4.4) (-5.0,3.8) 
str:lucas paula  int:-7 1  float:6.70  p:(-2.1,1.1) 
str:ana jose  int:-9 -4  float:-2.10 0.60 9.80  p:(-0.3,-4.9) (4.7,-2.0) 
str:ana joao  int:-5 -3  float:0.70  p:(-3.9,-0.4) (1.6,-4.5) 
str:clara henrique maria  int:-5 2 5 10  float:-2.80 0.10  p:(2.0,-3.0) (-2.3,3.6) 
str:joao lucas  int:-9 -4 -4 6  float:-0.20  p:(2.3,3.3) 
str:carlos henrique  int:-4 -2 5 7  float:1.20 2.00 7.60  p:(-2.7,4.3) 
str:juliana juliana  int:-6 -3 -1 1  float:-9.60 7.30  p:(-3.2,-2.1) 
str:jose lucas maria rafaela  int:-8 -6 -1 2  float:-3.00 2.90  p:(-1.7,2.8) (-3.5,-3.5) 
str:bruno julia  int:-8 4 5  float:-6.60 -2.70 2.90  p:(0.3,-3.9) (1.6,4.6) 
str:ana carlos juliana lucas  int:-8 0 6  float:-0.80  p:(3.3,-1.8) (4.3,-4.9) 
str:paula rafaela  int:-3 1 6 7  float:8.30  p:(-2.2,-1.6) (-1.1,-4.2) 
str:ana ana  int:-7 0 5  float:-8.80  p:(1.5,-0.5) 
str:bruno bruno juliana paula  int:1 3 5  float:-3.70 4.90  p:(3.9,-0.5) (3.1,-3.8) 
str:ana juliana lucas  int:-5 1 5  float:-9.80 -1.30 9.10  p:(0.3,2.1) 
str:carlos carlos  int:-10 -5 -4  float:-7.70 1.60 5.40  p:(1.4,1.9) 
str:bruno lucas  int:-6 4 7  float:-8.00 6.60  p:(0.0,-3.4) (4.0,2.7) 
str:henrique joao jose paula  int:-10 -2 7  float:8.70 9.50 9.50  p:(-2.0,2.1) 
str:bruno clara henrique joao  int:-9 -1 0 3  float:1.90 8.40  p:(4.4,0.9) (-4.9,-2.3) 
str:julia lucas  int:-9 -9 2  float:-1.80 -1.80  p:(0.2,-3.7) 
str:carlos jose juliana lucas  int:1 9 9  float:-3.60 -1.50 0.40  p:(1.5,-1.8) 
str:ana bruno carlos  int:-8 2 3 10  float:-6.50 2.70 9.10  p:(-1.7,2.0) 
str:carlos lucas maria  int:-5 -2 2 3  float:-4.10 -3.50 8.90  p:(-0.3,-3.1) (4.1,-3.2) 
str:henrique julia  int:-7 9  float:-0.10 1.60 9.00  p:(-2.5,-2.2) (-4.6,-3.7) 
str:bruno bruno maria  int:-9 2  float:-9.30 -7.20 0.20  p:(-2.2,1.2) (-2.8,1.3) 
str:ana joao juliana  int:-8 -5 6  float:-8.20 -5.60 -2.00  p:(-3.7,-2.3) (4.7,-1.6) 
str:bruno rafaela  int:-3 9  float:-2.40 1.00  p:(-2.1,-1.0) 
str:clara clara  int:-10 -6 2 9  float:-6.30 -5.00  p:(3.4,0.3) (-2.1,3.5) 
str:paula rafaela  int:-5 5  float:9.90  p:(-2.3,3.2) 
str:bruno bruno  int:-9 6  float:-5.80 -0.70 4.30  p:(-3.7,1.0) (3.4,-3.0) 
str:henrique jose jose  int:-10 -1 10  float:-7.40 2.70  p:(-2.8,1.9) 
str:henrique jose  int:-7 -4  float:-4.20 -1.30 5.00  p:(3.8,-0.9) 
str:clara paula  int:-8 -3 4 9  float:-5.10 1.70 2.60  p:(-1.4,-1.6) (2.5,-0.1) 
str:bruno joao maria  int:-9 -2 0  float:-4.70 -4.60 5.80  p:(1.9,-2.5) (2.6,-2.7) 
str:ana ana paula  int:-4 -4 -2 5  float:-9.60 -3.60 8.80  p:(0.5,-3.1) 
str:lucas paula paula rafaela  int:-7 2  float:0.10 9.40  p:(-0.3,0.8) (3.0,1.9) 
str:joao jose lucas maria  int:-3 7  float:-4.90 -3.00 -2.40  p:(-1.0,-2.5) (3.7,-1.1) 
str:bruno jose lucas  int:-2 1 5 6  float:1.40 3.70  p:(2.6,-0.4) 
str:bruno henrique joao paula  int:-1 2 5  float:-7.30  p:(-2.2,4.4) (4.9,3.3) 
str:juliana paula  int:-1 5  float:9.60  p:(-4.9,-4.1) 
str:henrique joao  int:-9 -2 4 8  float:-6.90 -0.30 8.90  p:(-2.2,1.7) 
str:jose lucas lucas  int:-3 2  float:-8.70 -8.70 9.10  p:(-3.6,-3.1) 
str:ana jose jose  int:-10 -8 -5 3  float:9.10  p:(3.6,0.3) (-3.2,-2.3) 
str:henrique henrique henrique maria  int:-7 0 5  float:-5.90 -3.20  p:(1.2,4.1) 
str:ana joao lucas lucas  int:-7 -5 5  float:-7.90 7.00  p:(-1.5,2.2) (1.5,-4.3) 
str:bruno clara paula  int:-4 10  float:-8.60 5.70 6.80  p:(1.4,-2.2) 
str:joao jose rafaela  int:-7 2 7  float:-9.40 7.20  p:(-2.6,-0.2) 
str:henrique julia lucas paula  int:-9 -6 -5 5  float:-3.50 1.10 8.70  p:(-0.8,3.2) (3.6,1.3) 
str:ana juliana  int:-5 3 8 9  float:-9.60 -7.20  p:(-2.7,4.1) 
str:henrique juliana  int:-5 -3 -2 2  float:-9.40 0.90 7.30  p:(0.7,-3.2) (2.4,4.3) 
str:julia maria  int:-7 -4  float:-6.80 -4.10 1.10  p:(-0.1,1.8) (2.9,4.5) 
str:carlos jose juliana lucas  int:3 5  float:-7.50 -2.40  p:(2.7,1.8) (3.3,4.5) 
str:ana clara joao rafaela  int:1 10  float:-5.00 2.10 8.60  p:(-0.3,-1.9) (3.5,-2.5) 
str:juliana juliana  int:-2 5 5  float:-0.80 2.10  p:(0.3,-0.8) (-1.9,1.2) 
str:carlos clara lucas  int:-9 -2  float:0.60  p:(2.5,1.9) (4.0,1.5) 
str:juliana maria  int:1 6  float:-3.50 -3.00 8.00  p:(-4.6,-0.9) 
str:clara maria maria maria  int:7 8  float:-0.30 1.30 7.30  p:(0.8,0.4) (-4.8,-0.9) 
str:carlos carlos juliana  int:-10 -6 4  float:-7.90 -7.50  p:(-1.8,4.4) 
str:bruno henrique  int:8 9 10  float:5.40  p:(0.3,-2.9) (3.2,-4.6) 
str:bruno julia juliana maria  int:-10 1  float:-1.30  p:(3.1,-1.9) (4.3,3.7) 
str:bruno carlos jose lucas  int:9 9  float:2.10  p:(-1.0,3.4) (-2.0,3.1) 
str:bruno paula  int:-8 -3 9  float:-8.90  p:(1.9,3.3) (3.4,3.0) 
str:jose juliana maria  int:-9 -6 -3 4  float:-7.80 -6.90  p:(1.5,1.1) (3.3,-3.6) 
str:clara lucas maria  int:-9 1  float:3.20 4.30 9.60  p:(-3.7,-0.2) (-1.9,-3.9) 
str:jose maria  int:-5 3 9 10  float:1.60  p:(-0.3,1.6) 
str:bruno bruno juliana  int:-10 -9 2 2  float:-8.20  p:(-2.9,0.6) (-3.7,0.1) 
str:carlos rafaela  int:-9 -7 1 10  float:-8.80 -8.70 6.50  p:(1.9,3.6) (-4.3,1.9) 
str:jose maria paula paula  int:-2 3 5 8  float:7.70  p:(-2.9,-1.7) (4.1,2.2) 
str:juliana paula  int:-10 -7 -4 -1  float:-7.20 -5.00  p:(1.5,1.1) (-1.7,-4.6) 
str:bruno clara henrique lucas  int:0 0 3 8  float:-7.30 1.40  p:(1.7,-1.8) (1.1,2.9) 
str:henrique lucas maria paula  int:-8 2 5  float:-6.20  p:(0.8,2.1) (2.9,-1.7) 
str:carlos carlos maria  int:-9 -9 1 9  float:-7.20  p:(0.6,1.1) (2.6,2.8) 
str:carlos joao julia rafaela  int:-7 0 4 8  float:-9.80 4.30 8.80  p:(0.9,-4.3) (1.7,4.7) 
str:carlos clara henrique  int:-4 1  float:-0.70 0.10  p:(-0.7,0.6) 
str:jose maria rafaela rafaela  int:-9 -7 1 4  float:-3.10  p:(2.2,3.2) 
str:clara jose paula paula  int:-1 7  float:0.20 2.20  p:(2.8,1.0) 
str:jose juliana rafaela  int:-8 -6 7  float:-8.40 -4.20  p:(3.6,0.0) 
str:bruno carlos carlos juliana  int:-7 7  float:-4.30 -2.70 9.90  p:(-2.1,2.5) (-2.1,-5.0) 
str:ana lucas paula paula  int:-2 3  float:-0.10  p:(4.2,1.1) 
str:bruno maria paula rafaela  int:-7 -5 6 6  float:-0.90 5.20  p:(0.1,3.8) (4.5,-4.2) 
str:clara clara julia  int:-6 -3  float:9.10  p:(-4.9,-1.9) 
str:joao maria  int:-10 -8 -4 1  float:-6.60 2.10 6.10  p:(-4.5,-2.4) (3.5,-3.9) 
str:ana clara juliana  int:-9 -6 -5 4  float:-7.10  p:(1.4,1.0) (-2.7,1.9) 
str:clara joao joao julia  int:-8 6 10  float:-8.60 -6.10  p:(4.9,-3.4) 
str:carlos paula  int:-10 0 4 5  float:4.80  p:(1.7,4.4) (4.9,-4.7) 
str:ana julia maria  int:-6 2 5 7  float:9.10  p:(-0.3,2.6) (3.0,-0.9) 
str:bruno paula  int:-5 7  float:0.60 9.50  p:(0.5,-0.3) (-3.4,3.0) 
str:jose lucas rafaela  int:-5 9  float:4.50  p:(-2.3,-1.0) (0.3,4.9) 
